2018-03-31 14:36:52,151 [main] INFO  org.mule.module.launcher.application.DefaultMuleApplication - 
++++++++++++++++++++++++++++++++++++++++++++++++++++++++++++
+ Initializing app 'apdev-flights-ws'                      +
++++++++++++++++++++++++++++++++++++++++++++++++++++++++++++
2018-03-31 14:36:52,338 [main] INFO  org.mule.lifecycle.AbstractLifecycleManager - Initialising RegistryBroker
2018-03-31 14:36:52,487 [main] INFO  org.mule.module.extension.internal.manager.DefaultExtensionManager - Starting discovery of extensions
2018-03-31 14:36:52,803 [main] INFO  org.mule.module.extension.internal.manager.DefaultExtensionManager - Discovered 1 extensions
2018-03-31 14:36:52,803 [main] INFO  org.mule.module.extension.internal.manager.DefaultExtensionManager - Registering extension validation (version 3.9)
2018-03-31 14:36:52,882 [main] INFO  org.mule.config.spring.MuleArtifactContext - Refreshing org.mule.config.spring.MuleArtifactContext@444cc791: startup date [Sat Mar 31 14:36:52 CDT 2018]; root of context hierarchy
2018-03-31 14:36:54,250 [main] INFO  org.springframework.context.support.PropertySourcesPlaceholderConfigurer - Loading properties file from class path resource [flights-DEV.properties]
2018-03-31 14:36:54,256 [main] INFO  org.springframework.context.support.PropertySourcesPlaceholderConfigurer - Loading properties file from class path resource [flights-DEV.properties]
2018-03-31 14:36:54,276 [main] INFO  org.mule.config.spring.processors.NoDevkitInjectorProcessor - JSR-330 'javax.inject.Inject' annotation found and supported for autowiring
2018-03-31 14:36:55,278 [main] WARN  org.mule.module.ognl.expression.OgnlExpressionEvaluator - OGNL module is deprecated and will be removed in Mule 4.0. Use MEL expressions instead.
2018-03-31 14:36:55,727 [main] INFO  org.mule.util.journal.TransactionJournal - Using files for tx logs /Users/apetricc/anypointTraining/workspace2/.mule/./.mule/apdev-flights-ws/queue-tx-log/tx1.log and /Users/apetricc/anypointTraining/workspace2/.mule/./.mule/apdev-flights-ws/queue-tx-log/tx2.log
2018-03-31 14:36:55,852 [main] INFO  org.mule.util.journal.TransactionJournal - Using files for tx logs /Users/apetricc/anypointTraining/workspace2/.mule/./.mule/apdev-flights-ws/queue-xa-tx-log/tx1.log and /Users/apetricc/anypointTraining/workspace2/.mule/./.mule/apdev-flights-ws/queue-xa-tx-log/tx2.log
2018-03-31 14:36:55,955 [main] INFO  org.mule.lifecycle.AbstractLifecycleManager - Initialising model: _muleSystemModel
2018-03-31 14:36:55,960 [main] INFO  org.mule.construct.FlowConstructLifecycleManager - Initialising flow: getUnitedFlightsFlow
2018-03-31 14:36:55,960 [main] INFO  org.mule.exception.DefaultMessagingExceptionStrategy - Initialising exception listener: org.mule.exception.DefaultMessagingExceptionStrategy@52b32b70
2018-03-31 14:36:55,996 [main] INFO  org.mule.processor.SedaStageLifecycleManager - Initialising service: getUnitedFlightsFlow.stage1
2018-03-31 14:36:56,016 [main] INFO  org.mule.construct.FlowConstructLifecycleManager - Initialising flow: mua-flights-api-main
2018-03-31 14:36:56,016 [main] INFO  org.mule.module.apikit.MappingExceptionListener - Initialising exception listener: MappingExceptionListener{statusCode=404, exceptions=[org.mule.module.apikit.exception.NotFoundException]}
2018-03-31 14:36:56,017 [main] INFO  org.mule.module.apikit.MappingExceptionListener - Initialising exception listener: MappingExceptionListener{statusCode=405, exceptions=[org.mule.module.apikit.exception.MethodNotAllowedException]}
2018-03-31 14:36:56,017 [main] INFO  org.mule.module.apikit.MappingExceptionListener - Initialising exception listener: MappingExceptionListener{statusCode=415, exceptions=[org.mule.module.apikit.exception.UnsupportedMediaTypeException]}
2018-03-31 14:36:56,017 [main] INFO  org.mule.module.apikit.MappingExceptionListener - Initialising exception listener: MappingExceptionListener{statusCode=406, exceptions=[org.mule.module.apikit.exception.NotAcceptableException]}
2018-03-31 14:36:56,018 [main] INFO  org.mule.module.apikit.MappingExceptionListener - Initialising exception listener: MappingExceptionListener{statusCode=400, exceptions=[org.mule.module.apikit.exception.BadRequestException]}
2018-03-31 14:36:56,022 [main] INFO  org.mule.processor.SedaStageLifecycleManager - Initialising service: mua-flights-api-main.stage1
2018-03-31 14:36:56,022 [main] INFO  org.mule.construct.FlowConstructLifecycleManager - Initialising flow: mua-flights-api-console
2018-03-31 14:36:56,022 [main] INFO  org.mule.exception.DefaultMessagingExceptionStrategy - Initialising exception listener: org.mule.exception.DefaultMessagingExceptionStrategy@79cdf2d4
2018-03-31 14:36:56,027 [main] INFO  org.mule.processor.SedaStageLifecycleManager - Initialising service: mua-flights-api-console.stage1
2018-03-31 14:36:56,031 [main] INFO  org.mule.construct.FlowConstructLifecycleManager - Initialising flow: get:/flights:mua-flights-api-config
2018-03-31 14:36:56,031 [main] INFO  org.mule.exception.DefaultMessagingExceptionStrategy - Initialising exception listener: org.mule.exception.DefaultMessagingExceptionStrategy@4bdb04c8
2018-03-31 14:36:56,034 [main] INFO  org.mule.processor.SedaStageLifecycleManager - Initialising service: get:/flights:mua-flights-api-config.stage1
2018-03-31 14:36:56,479 [main] INFO  org.mule.module.apikit.Configuration - Building resource URI cache...
2018-03-31 14:36:56,755 [main] INFO  org.mule.config.spring.SpringXmlConfigurationBuilder - Configured Mule using "org.mule.config.spring.SpringXmlConfigurationBuilder" with configuration resource(s): "[ConfigResource{resourceName='/Users/apetricc/anypointTraining/workspace2/.mule/apps/apdev-flights-ws/global.xml'}, ConfigResource{resourceName='/Users/apetricc/anypointTraining/workspace2/.mule/apps/apdev-flights-ws/implementation.xml'}, ConfigResource{resourceName='/Users/apetricc/anypointTraining/workspace2/.mule/apps/apdev-flights-ws/interface.xml'}]"
2018-03-31 14:36:56,755 [main] INFO  org.mule.config.builders.AutoConfigurationBuilder - Configured Mule using "org.mule.config.builders.AutoConfigurationBuilder" with configuration resource(s): "[ConfigResource{resourceName='/Users/apetricc/anypointTraining/workspace2/.mule/apps/apdev-flights-ws/global.xml'}, ConfigResource{resourceName='/Users/apetricc/anypointTraining/workspace2/.mule/apps/apdev-flights-ws/implementation.xml'}, ConfigResource{resourceName='/Users/apetricc/anypointTraining/workspace2/.mule/apps/apdev-flights-ws/interface.xml'}]"
2018-03-31 14:36:56,760 [main] INFO  org.mule.module.launcher.application.DefaultMuleApplication - 
++++++++++++++++++++++++++++++++++++++++++++++++++++++++++++
+ Starting app 'apdev-flights-ws'                          +
++++++++++++++++++++++++++++++++++++++++++++++++++++++++++++
2018-03-31 14:36:56,763 [main] INFO  org.mule.util.queue.QueueXaResourceManager - Starting ResourceManager
2018-03-31 14:36:56,763 [main] INFO  org.mule.util.queue.QueueXaResourceManager - Started ResourceManager
2018-03-31 14:36:56,826 [main] INFO  org.mule.module.http.internal.listener.DefaultHttpListenerConfig - Listening for requests on http://0.0.0.0:8081
2018-03-31 14:36:56,829 [main] INFO  org.mule.modules.oauth2.provider.agents.DefaultSplashScreenAgent - 
++++++++++++++++++++++++++++++++++++++++++++++++++++++++++++++++++++++++++++++++
+ DevKit Extensions (0) used in this application 
                             +
++++++++++++++++++++++++++++++++++++++++++++++++++++++++++++++++++++++++++++++++
2018-03-31 14:36:56,830 [main] INFO  org.mule.lifecycle.AbstractLifecycleManager - Starting model: _muleSystemModel
2018-03-31 14:36:56,832 [main] INFO  org.mule.construct.FlowConstructLifecycleManager - Starting flow: getUnitedFlightsFlow
2018-03-31 14:36:56,832 [main] INFO  org.mule.processor.SedaStageLifecycleManager - Starting service: getUnitedFlightsFlow.stage1
2018-03-31 14:36:56,835 [main] INFO  org.mule.construct.FlowConstructLifecycleManager - Starting flow: mua-flights-api-main
2018-03-31 14:36:56,836 [main] INFO  org.mule.processor.SedaStageLifecycleManager - Starting service: mua-flights-api-main.stage1
2018-03-31 14:36:56,841 [main] INFO  org.mule.module.apikit.Configuration - 
********************************************************************************
* APIKit Console URL: http://127.0.0.1:8081/console                            *
********************************************************************************
2018-03-31 14:36:56,841 [main] INFO  org.mule.construct.FlowConstructLifecycleManager - Starting flow: mua-flights-api-console
2018-03-31 14:36:56,841 [main] INFO  org.mule.processor.SedaStageLifecycleManager - Starting service: mua-flights-api-console.stage1
2018-03-31 14:36:56,844 [main] INFO  org.mule.construct.FlowConstructLifecycleManager - Starting flow: get:/flights:mua-flights-api-config
2018-03-31 14:36:56,844 [main] INFO  org.mule.processor.SedaStageLifecycleManager - Starting service: get:/flights:mua-flights-api-config.stage1
2018-03-31 14:36:57,195 [main] INFO  org.mule.module.management.agent.WrapperManagerAgent - This JVM hasn't been launched by the wrapper, the agent will not run.
2018-03-31 14:36:57,216 [main] INFO  org.mule.DefaultMuleContext - 
**********************************************************************
* Application: apdev-flights-ws                                      *
* OS encoding: /, Mule encoding: UTF-8                               *
*                                                                    *
* Agents Running:                                                    *
*   Batch module default engine                                      *
*   JMX Agent                                                        *
*   DevKit Extension Information                                     *
*   Wrapper Manager                                                  *
**********************************************************************
2018-03-31 14:39:16,070 [[apdev-flights-ws].HTTP_Listener_Configuration.worker.01] INFO  org.mule.api.processor.LoggerMessageProcessor - 
org.mule.DefaultMuleMessage
{
  id=f98e6240-351a-11e8-9107-80e65010b6f8
  payload=org.glassfish.grizzly.utils.BufferInputStream
  correlationId=<not set>
  correlationGroup=-1
  correlationSeq=-1
  encoding=UTF-8
  exceptionPayload=<not set>

Message properties:
  INVOCATION scoped properties:
  INBOUND scoped properties:
    connection=keep-alive
    content-length=1909
    content-type=application/json
    date=Sat, 31 Mar 2018 19:37:34 GMT
    http.reason=
    http.status=200
    server=nginx/1.4.6 (Ubuntu)
  OUTBOUND scoped properties:
  SESSION scoped properties:
}
2018-03-31 14:56:59,343 [main] INFO  org.mule.module.launcher.application.DefaultMuleApplication - 
++++++++++++++++++++++++++++++++++++++++++++++++++++++++++++
+ Initializing app 'apdev-flights-ws'                      +
++++++++++++++++++++++++++++++++++++++++++++++++++++++++++++
2018-03-31 14:56:59,512 [main] INFO  org.mule.lifecycle.AbstractLifecycleManager - Initialising RegistryBroker
2018-03-31 14:56:59,673 [main] INFO  org.mule.module.extension.internal.manager.DefaultExtensionManager - Starting discovery of extensions
2018-03-31 14:56:59,979 [main] INFO  org.mule.module.extension.internal.manager.DefaultExtensionManager - Discovered 1 extensions
2018-03-31 14:56:59,979 [main] INFO  org.mule.module.extension.internal.manager.DefaultExtensionManager - Registering extension validation (version 3.9)
2018-03-31 14:57:00,052 [main] INFO  org.mule.config.spring.MuleArtifactContext - Refreshing org.mule.config.spring.MuleArtifactContext@53ac845a: startup date [Sat Mar 31 14:57:00 CDT 2018]; root of context hierarchy
2018-03-31 14:57:01,422 [main] INFO  org.springframework.context.support.PropertySourcesPlaceholderConfigurer - Loading properties file from class path resource [flights-DEV.properties]
2018-03-31 14:57:01,429 [main] INFO  org.springframework.context.support.PropertySourcesPlaceholderConfigurer - Loading properties file from class path resource [flights-DEV.properties]
2018-03-31 14:57:01,460 [main] INFO  org.mule.config.spring.processors.NoDevkitInjectorProcessor - JSR-330 'javax.inject.Inject' annotation found and supported for autowiring
2018-03-31 14:57:02,597 [main] WARN  org.mule.module.ognl.expression.OgnlExpressionEvaluator - OGNL module is deprecated and will be removed in Mule 4.0. Use MEL expressions instead.
2018-03-31 14:57:03,093 [main] INFO  org.mule.util.journal.TransactionJournal - Using files for tx logs /Users/apetricc/anypointTraining/workspace2/.mule/./.mule/apdev-flights-ws/queue-tx-log/tx1.log and /Users/apetricc/anypointTraining/workspace2/.mule/./.mule/apdev-flights-ws/queue-tx-log/tx2.log
2018-03-31 14:57:03,108 [main] INFO  org.mule.util.journal.TransactionJournal - Using files for tx logs /Users/apetricc/anypointTraining/workspace2/.mule/./.mule/apdev-flights-ws/queue-xa-tx-log/tx1.log and /Users/apetricc/anypointTraining/workspace2/.mule/./.mule/apdev-flights-ws/queue-xa-tx-log/tx2.log
2018-03-31 14:57:03,212 [main] INFO  org.mule.lifecycle.AbstractLifecycleManager - Initialising model: _muleSystemModel
2018-03-31 14:57:03,217 [main] INFO  org.mule.construct.FlowConstructLifecycleManager - Initialising flow: getUnitedFlightsFlow
2018-03-31 14:57:03,217 [main] INFO  org.mule.exception.DefaultMessagingExceptionStrategy - Initialising exception listener: org.mule.exception.DefaultMessagingExceptionStrategy@6b16de91
2018-03-31 14:57:03,250 [main] INFO  org.mule.processor.SedaStageLifecycleManager - Initialising service: getUnitedFlightsFlow.stage1
2018-03-31 14:57:03,269 [main] INFO  org.mule.construct.FlowConstructLifecycleManager - Initialising flow: mua-flights-api-main
2018-03-31 14:57:03,269 [main] INFO  org.mule.module.apikit.MappingExceptionListener - Initialising exception listener: MappingExceptionListener{statusCode=404, exceptions=[org.mule.module.apikit.exception.NotFoundException]}
2018-03-31 14:57:03,270 [main] INFO  org.mule.module.apikit.MappingExceptionListener - Initialising exception listener: MappingExceptionListener{statusCode=405, exceptions=[org.mule.module.apikit.exception.MethodNotAllowedException]}
2018-03-31 14:57:03,271 [main] INFO  org.mule.module.apikit.MappingExceptionListener - Initialising exception listener: MappingExceptionListener{statusCode=415, exceptions=[org.mule.module.apikit.exception.UnsupportedMediaTypeException]}
2018-03-31 14:57:03,271 [main] INFO  org.mule.module.apikit.MappingExceptionListener - Initialising exception listener: MappingExceptionListener{statusCode=406, exceptions=[org.mule.module.apikit.exception.NotAcceptableException]}
2018-03-31 14:57:03,271 [main] INFO  org.mule.module.apikit.MappingExceptionListener - Initialising exception listener: MappingExceptionListener{statusCode=400, exceptions=[org.mule.module.apikit.exception.BadRequestException]}
2018-03-31 14:57:03,276 [main] INFO  org.mule.processor.SedaStageLifecycleManager - Initialising service: mua-flights-api-main.stage1
2018-03-31 14:57:03,276 [main] INFO  org.mule.construct.FlowConstructLifecycleManager - Initialising flow: mua-flights-api-console
2018-03-31 14:57:03,277 [main] INFO  org.mule.exception.DefaultMessagingExceptionStrategy - Initialising exception listener: org.mule.exception.DefaultMessagingExceptionStrategy@7574d4ad
2018-03-31 14:57:03,280 [main] INFO  org.mule.processor.SedaStageLifecycleManager - Initialising service: mua-flights-api-console.stage1
2018-03-31 14:57:03,285 [main] INFO  org.mule.construct.FlowConstructLifecycleManager - Initialising flow: get:/flights:mua-flights-api-config
2018-03-31 14:57:03,285 [main] INFO  org.mule.exception.DefaultMessagingExceptionStrategy - Initialising exception listener: org.mule.exception.DefaultMessagingExceptionStrategy@28554ac8
2018-03-31 14:57:03,287 [main] INFO  org.mule.processor.SedaStageLifecycleManager - Initialising service: get:/flights:mua-flights-api-config.stage1
2018-03-31 14:57:03,703 [main] INFO  org.mule.module.apikit.Configuration - Building resource URI cache...
2018-03-31 14:57:03,921 [main] INFO  org.mule.config.spring.SpringXmlConfigurationBuilder - Configured Mule using "org.mule.config.spring.SpringXmlConfigurationBuilder" with configuration resource(s): "[ConfigResource{resourceName='/Users/apetricc/anypointTraining/workspace2/.mule/apps/apdev-flights-ws/global.xml'}, ConfigResource{resourceName='/Users/apetricc/anypointTraining/workspace2/.mule/apps/apdev-flights-ws/implementation.xml'}, ConfigResource{resourceName='/Users/apetricc/anypointTraining/workspace2/.mule/apps/apdev-flights-ws/interface.xml'}]"
2018-03-31 14:57:03,921 [main] INFO  org.mule.config.builders.AutoConfigurationBuilder - Configured Mule using "org.mule.config.builders.AutoConfigurationBuilder" with configuration resource(s): "[ConfigResource{resourceName='/Users/apetricc/anypointTraining/workspace2/.mule/apps/apdev-flights-ws/global.xml'}, ConfigResource{resourceName='/Users/apetricc/anypointTraining/workspace2/.mule/apps/apdev-flights-ws/implementation.xml'}, ConfigResource{resourceName='/Users/apetricc/anypointTraining/workspace2/.mule/apps/apdev-flights-ws/interface.xml'}]"
2018-03-31 14:57:03,927 [main] INFO  org.mule.module.launcher.application.DefaultMuleApplication - 
++++++++++++++++++++++++++++++++++++++++++++++++++++++++++++
+ Starting app 'apdev-flights-ws'                          +
++++++++++++++++++++++++++++++++++++++++++++++++++++++++++++
2018-03-31 14:57:03,931 [main] INFO  org.mule.util.queue.QueueXaResourceManager - Starting ResourceManager
2018-03-31 14:57:03,931 [main] INFO  org.mule.util.queue.QueueXaResourceManager - Started ResourceManager
2018-03-31 14:57:03,991 [main] INFO  org.mule.module.http.internal.listener.DefaultHttpListenerConfig - Listening for requests on http://0.0.0.0:8081
2018-03-31 14:57:03,995 [main] INFO  org.mule.modules.oauth2.provider.agents.DefaultSplashScreenAgent - 
++++++++++++++++++++++++++++++++++++++++++++++++++++++++++++++++++++++++++++++++
+ DevKit Extensions (0) used in this application 
                             +
++++++++++++++++++++++++++++++++++++++++++++++++++++++++++++++++++++++++++++++++
2018-03-31 14:57:03,996 [main] INFO  org.mule.lifecycle.AbstractLifecycleManager - Starting model: _muleSystemModel
2018-03-31 14:57:03,998 [main] INFO  org.mule.construct.FlowConstructLifecycleManager - Starting flow: getUnitedFlightsFlow
2018-03-31 14:57:03,998 [main] INFO  org.mule.processor.SedaStageLifecycleManager - Starting service: getUnitedFlightsFlow.stage1
2018-03-31 14:57:04,003 [main] INFO  org.mule.construct.FlowConstructLifecycleManager - Starting flow: mua-flights-api-main
2018-03-31 14:57:04,003 [main] INFO  org.mule.processor.SedaStageLifecycleManager - Starting service: mua-flights-api-main.stage1
2018-03-31 14:57:04,010 [main] INFO  org.mule.module.apikit.Configuration - 
********************************************************************************
* APIKit Console URL: http://127.0.0.1:8081/console                            *
********************************************************************************
2018-03-31 14:57:04,010 [main] INFO  org.mule.construct.FlowConstructLifecycleManager - Starting flow: mua-flights-api-console
2018-03-31 14:57:04,010 [main] INFO  org.mule.processor.SedaStageLifecycleManager - Starting service: mua-flights-api-console.stage1
2018-03-31 14:57:04,012 [main] INFO  org.mule.construct.FlowConstructLifecycleManager - Starting flow: get:/flights:mua-flights-api-config
2018-03-31 14:57:04,012 [main] INFO  org.mule.processor.SedaStageLifecycleManager - Starting service: get:/flights:mua-flights-api-config.stage1
2018-03-31 14:57:04,334 [main] INFO  org.mule.module.management.agent.WrapperManagerAgent - This JVM hasn't been launched by the wrapper, the agent will not run.
2018-03-31 14:57:04,358 [main] INFO  org.mule.DefaultMuleContext - 
**********************************************************************
* Application: apdev-flights-ws                                      *
* OS encoding: /, Mule encoding: UTF-8                               *
*                                                                    *
* Agents Running:                                                    *
*   Batch module default engine                                      *
*   JMX Agent                                                        *
*   DevKit Extension Information                                     *
*   Wrapper Manager                                                  *
**********************************************************************
2018-03-31 14:58:03,098 [[apdev-flights-ws].HTTP_Listener_Configuration.worker.03] INFO  org.mule.api.processor.LoggerMessageProcessor - 
org.mule.DefaultMuleMessage
{
  id=b7c784b0-351d-11e8-bca8-80e65010b6f8
  payload=com.mulesoft.weave.reader.ByteArraySeekableStream
  correlationId=<not set>
  correlationGroup=-1
  correlationSeq=-1
  encoding=UTF-8
  exceptionPayload=<not set>

Message properties:
  INVOCATION scoped properties:
  INBOUND scoped properties:
    connection=keep-alive
    content-length=1909
    content-type=application/json
    date=Sat, 31 Mar 2018 19:57:15 GMT
    http.reason=
    http.status=200
    server=nginx/1.4.6 (Ubuntu)
  OUTBOUND scoped properties:
  SESSION scoped properties:
}
