2018-03-25 19:16:51,586 [main] INFO  org.mule.module.launcher.application.DefaultMuleApplication - 
++++++++++++++++++++++++++++++++++++++++++++++++++++++++++++
+ Initializing app 'training-american-ws'                  +
++++++++++++++++++++++++++++++++++++++++++++++++++++++++++++
2018-03-25 19:16:51,745 [main] INFO  org.mule.lifecycle.AbstractLifecycleManager - Initialising RegistryBroker
2018-03-25 19:16:51,855 [main] INFO  org.mule.module.extension.internal.manager.DefaultExtensionManager - Starting discovery of extensions
2018-03-25 19:16:51,996 [main] INFO  org.mule.module.extension.internal.manager.DefaultExtensionManager - Discovered 1 extensions
2018-03-25 19:16:51,996 [main] INFO  org.mule.module.extension.internal.manager.DefaultExtensionManager - Registering extension validation (version 3.9)
2018-03-25 19:16:52,285 [main] INFO  org.mule.config.spring.MuleArtifactContext - Refreshing org.mule.config.spring.MuleArtifactContext@5cc5b667: startup date [Sun Mar 25 19:16:52 CDT 2018]; root of context hierarchy
2018-03-25 19:16:54,126 [main] INFO  org.springframework.context.support.PropertySourcesPlaceholderConfigurer - Loading properties file from class path resource [american-DEV.properties]
2018-03-25 19:16:54,135 [main] INFO  org.springframework.context.support.PropertySourcesPlaceholderConfigurer - Loading properties file from class path resource [american-DEV.properties]
2018-03-25 19:16:54,171 [main] INFO  org.mule.config.spring.processors.NoDevkitInjectorProcessor - JSR-330 'javax.inject.Inject' annotation found and supported for autowiring
2018-03-25 19:16:54,630 [main] WARN  org.mule.expression.DefaultExpressionManager - Expression string is not an expression.  Use isExpression(String) to validate first
2018-03-25 19:16:54,630 [main] WARN  org.mule.expression.DefaultExpressionManager - Expression string is not an expression.  Use isExpression(String) to validate first
2018-03-25 19:16:54,630 [main] WARN  org.mule.expression.DefaultExpressionManager - Expression string is not an expression.  Use isExpression(String) to validate first
2018-03-25 19:16:54,630 [main] WARN  org.mule.expression.DefaultExpressionManager - Expression string is not an expression.  Use isExpression(String) to validate first
2018-03-25 19:16:55,369 [main] WARN  org.mule.module.ognl.expression.OgnlExpressionEvaluator - OGNL module is deprecated and will be removed in Mule 4.0. Use MEL expressions instead.
2018-03-25 19:16:55,742 [main] INFO  org.mule.util.journal.TransactionJournal - Using files for tx logs /Users/apetricc/anypointTraining/workspace2/.mule/./.mule/training-american-ws/queue-tx-log/tx1.log and /Users/apetricc/anypointTraining/workspace2/.mule/./.mule/training-american-ws/queue-tx-log/tx2.log
2018-03-25 19:16:55,757 [main] INFO  org.mule.util.journal.TransactionJournal - Using files for tx logs /Users/apetricc/anypointTraining/workspace2/.mule/./.mule/training-american-ws/queue-xa-tx-log/tx1.log and /Users/apetricc/anypointTraining/workspace2/.mule/./.mule/training-american-ws/queue-xa-tx-log/tx2.log
2018-03-25 19:16:55,852 [main] INFO  org.mule.lifecycle.AbstractLifecycleManager - Initialising model: _muleSystemModel
2018-03-25 19:16:55,856 [main] INFO  org.mule.construct.FlowConstructLifecycleManager - Initialising flow: getFlightsFlow
2018-03-25 19:16:55,856 [main] INFO  org.mule.exception.DefaultMessagingExceptionStrategy - Initialising exception listener: org.mule.exception.DefaultMessagingExceptionStrategy@4293e066
2018-03-25 19:16:55,872 [main] INFO  org.mule.processor.SedaStageLifecycleManager - Initialising service: getFlightsFlow.stage1
2018-03-25 19:16:55,884 [main] INFO  org.mule.construct.FlowConstructLifecycleManager - Initialising flow: getFlightsByIDFlow
2018-03-25 19:16:55,884 [main] INFO  org.mule.exception.DefaultMessagingExceptionStrategy - Initialising exception listener: org.mule.exception.DefaultMessagingExceptionStrategy@6048e26a
2018-03-25 19:16:55,888 [main] INFO  org.mule.processor.SedaStageLifecycleManager - Initialising service: getFlightsByIDFlow.stage1
2018-03-25 19:16:55,889 [main] INFO  org.mule.construct.FlowConstructLifecycleManager - Initialising flow: postFlightFlow
2018-03-25 19:16:55,889 [main] INFO  org.mule.exception.DefaultMessagingExceptionStrategy - Initialising exception listener: org.mule.exception.DefaultMessagingExceptionStrategy@5d7911d5
2018-03-25 19:16:55,894 [main] INFO  org.mule.processor.SedaStageLifecycleManager - Initialising service: postFlightFlow.stage1
2018-03-25 19:16:55,896 [main] INFO  org.mule.construct.FlowConstructLifecycleManager - Initialising flow: american-flights-api-main
2018-03-25 19:16:55,896 [main] INFO  org.mule.module.apikit.MappingExceptionListener - Initialising exception listener: MappingExceptionListener{statusCode=404, exceptions=[org.mule.module.apikit.exception.NotFoundException]}
2018-03-25 19:16:55,897 [main] INFO  org.mule.module.apikit.MappingExceptionListener - Initialising exception listener: MappingExceptionListener{statusCode=405, exceptions=[org.mule.module.apikit.exception.MethodNotAllowedException]}
2018-03-25 19:16:55,897 [main] INFO  org.mule.module.apikit.MappingExceptionListener - Initialising exception listener: MappingExceptionListener{statusCode=415, exceptions=[org.mule.module.apikit.exception.UnsupportedMediaTypeException]}
2018-03-25 19:16:55,897 [main] INFO  org.mule.module.apikit.MappingExceptionListener - Initialising exception listener: MappingExceptionListener{statusCode=406, exceptions=[org.mule.module.apikit.exception.NotAcceptableException]}
2018-03-25 19:16:55,898 [main] INFO  org.mule.module.apikit.MappingExceptionListener - Initialising exception listener: MappingExceptionListener{statusCode=400, exceptions=[org.mule.module.apikit.exception.BadRequestException]}
2018-03-25 19:16:55,910 [main] INFO  org.mule.processor.SedaStageLifecycleManager - Initialising service: american-flights-api-main.stage1
2018-03-25 19:16:55,911 [main] INFO  org.mule.construct.FlowConstructLifecycleManager - Initialising flow: american-flights-api-console
2018-03-25 19:16:55,911 [main] INFO  org.mule.exception.DefaultMessagingExceptionStrategy - Initialising exception listener: org.mule.exception.DefaultMessagingExceptionStrategy@7d0100ea
2018-03-25 19:16:55,919 [main] INFO  org.mule.processor.SedaStageLifecycleManager - Initialising service: american-flights-api-console.stage1
2018-03-25 19:16:55,921 [main] INFO  org.mule.construct.FlowConstructLifecycleManager - Initialising flow: put:/flights/{ID}:application/json:american-flights-api-config
2018-03-25 19:16:55,921 [main] INFO  org.mule.exception.DefaultMessagingExceptionStrategy - Initialising exception listener: org.mule.exception.DefaultMessagingExceptionStrategy@3a1f2a1
2018-03-25 19:16:55,924 [main] INFO  org.mule.processor.SedaStageLifecycleManager - Initialising service: put:/flights/{ID}:application/json:american-flights-api-config.stage1
2018-03-25 19:16:55,925 [main] INFO  org.mule.construct.FlowConstructLifecycleManager - Initialising flow: delete:/flights/{ID}:american-flights-api-config
2018-03-25 19:16:55,925 [main] INFO  org.mule.exception.DefaultMessagingExceptionStrategy - Initialising exception listener: org.mule.exception.DefaultMessagingExceptionStrategy@2bb41f5c
2018-03-25 19:16:55,927 [main] INFO  org.mule.processor.SedaStageLifecycleManager - Initialising service: delete:/flights/{ID}:american-flights-api-config.stage1
2018-03-25 19:16:55,928 [main] INFO  org.mule.construct.FlowConstructLifecycleManager - Initialising flow: get:/flights:american-flights-api-config
2018-03-25 19:16:55,928 [main] INFO  org.mule.exception.DefaultMessagingExceptionStrategy - Initialising exception listener: org.mule.exception.DefaultMessagingExceptionStrategy@69f2cb04
2018-03-25 19:16:55,932 [main] INFO  org.mule.processor.SedaStageLifecycleManager - Initialising service: get:/flights:american-flights-api-config.stage1
2018-03-25 19:16:55,932 [main] INFO  org.mule.construct.FlowConstructLifecycleManager - Initialising flow: get:/flights/{ID}:american-flights-api-config
2018-03-25 19:16:55,932 [main] INFO  org.mule.exception.DefaultMessagingExceptionStrategy - Initialising exception listener: org.mule.exception.DefaultMessagingExceptionStrategy@58833798
2018-03-25 19:16:55,935 [main] INFO  org.mule.processor.SedaStageLifecycleManager - Initialising service: get:/flights/{ID}:american-flights-api-config.stage1
2018-03-25 19:16:55,935 [main] INFO  org.mule.construct.FlowConstructLifecycleManager - Initialising flow: post:/flights:application/json:american-flights-api-config
2018-03-25 19:16:55,935 [main] INFO  org.mule.exception.DefaultMessagingExceptionStrategy - Initialising exception listener: org.mule.exception.DefaultMessagingExceptionStrategy@6c977dcf
2018-03-25 19:16:55,938 [main] INFO  org.mule.processor.SedaStageLifecycleManager - Initialising service: post:/flights:application/json:american-flights-api-config.stage1
2018-03-25 19:16:56,380 [main] INFO  org.mule.module.apikit.Configuration - Building resource URI cache...
2018-03-25 19:16:56,612 [main] INFO  org.mule.config.spring.SpringXmlConfigurationBuilder - Configured Mule using "org.mule.config.spring.SpringXmlConfigurationBuilder" with configuration resource(s): "[ConfigResource{resourceName='/Users/apetricc/anypointTraining/workspace2/.mule/apps/training-american-ws/implementation.xml'}, ConfigResource{resourceName='/Users/apetricc/anypointTraining/workspace2/.mule/apps/training-american-ws/interface.xml'}]"
2018-03-25 19:16:56,612 [main] INFO  org.mule.config.builders.AutoConfigurationBuilder - Configured Mule using "org.mule.config.builders.AutoConfigurationBuilder" with configuration resource(s): "[ConfigResource{resourceName='/Users/apetricc/anypointTraining/workspace2/.mule/apps/training-american-ws/implementation.xml'}, ConfigResource{resourceName='/Users/apetricc/anypointTraining/workspace2/.mule/apps/training-american-ws/interface.xml'}]"
2018-03-25 19:16:56,619 [main] INFO  org.mule.module.launcher.application.DefaultMuleApplication - 
++++++++++++++++++++++++++++++++++++++++++++++++++++++++++++
+ Starting app 'training-american-ws'                      +
++++++++++++++++++++++++++++++++++++++++++++++++++++++++++++
2018-03-25 19:16:56,624 [main] INFO  org.mule.util.queue.QueueXaResourceManager - Starting ResourceManager
2018-03-25 19:16:56,624 [main] INFO  org.mule.util.queue.QueueXaResourceManager - Started ResourceManager
2018-03-25 19:16:56,691 [main] INFO  org.mule.module.http.internal.listener.DefaultHttpListenerConfig - Listening for requests on http://0.0.0.0:8081
2018-03-25 19:16:56,696 [main] INFO  org.mule.modules.oauth2.provider.agents.DefaultSplashScreenAgent - 
++++++++++++++++++++++++++++++++++++++++++++++++++++++++++++++++++++++++++++++++
+ DevKit Extensions (0) used in this application 
                             +
++++++++++++++++++++++++++++++++++++++++++++++++++++++++++++++++++++++++++++++++
2018-03-25 19:16:56,697 [main] INFO  org.mule.lifecycle.AbstractLifecycleManager - Starting model: _muleSystemModel
2018-03-25 19:16:56,698 [main] INFO  org.mule.construct.FlowConstructLifecycleManager - Starting flow: getFlightsFlow
2018-03-25 19:16:56,699 [main] INFO  org.mule.processor.SedaStageLifecycleManager - Starting service: getFlightsFlow.stage1
2018-03-25 19:16:56,702 [main] INFO  org.mule.construct.FlowConstructLifecycleManager - Starting flow: getFlightsByIDFlow
2018-03-25 19:16:56,702 [main] INFO  org.mule.processor.SedaStageLifecycleManager - Starting service: getFlightsByIDFlow.stage1
2018-03-25 19:16:56,704 [main] INFO  org.mule.construct.FlowConstructLifecycleManager - Starting flow: postFlightFlow
2018-03-25 19:16:56,704 [main] INFO  org.mule.processor.SedaStageLifecycleManager - Starting service: postFlightFlow.stage1
2018-03-25 19:16:56,707 [main] INFO  org.mule.construct.FlowConstructLifecycleManager - Starting flow: american-flights-api-main
2018-03-25 19:16:56,707 [main] INFO  org.mule.processor.SedaStageLifecycleManager - Starting service: american-flights-api-main.stage1
2018-03-25 19:16:56,719 [main] INFO  org.mule.module.apikit.Configuration - 
********************************************************************************
* APIKit Console URL: http://127.0.0.1:8081/console                            *
********************************************************************************
2018-03-25 19:16:56,719 [main] INFO  org.mule.construct.FlowConstructLifecycleManager - Starting flow: american-flights-api-console
2018-03-25 19:16:56,719 [main] INFO  org.mule.processor.SedaStageLifecycleManager - Starting service: american-flights-api-console.stage1
2018-03-25 19:16:56,724 [main] INFO  org.mule.construct.FlowConstructLifecycleManager - Starting flow: put:/flights/{ID}:application/json:american-flights-api-config
2018-03-25 19:16:56,724 [main] INFO  org.mule.processor.SedaStageLifecycleManager - Starting service: put:/flights/{ID}:application/json:american-flights-api-config.stage1
2018-03-25 19:16:56,726 [main] INFO  org.mule.construct.FlowConstructLifecycleManager - Starting flow: delete:/flights/{ID}:american-flights-api-config
2018-03-25 19:16:56,727 [main] INFO  org.mule.processor.SedaStageLifecycleManager - Starting service: delete:/flights/{ID}:american-flights-api-config.stage1
2018-03-25 19:16:56,729 [main] INFO  org.mule.construct.FlowConstructLifecycleManager - Starting flow: get:/flights:american-flights-api-config
2018-03-25 19:16:56,729 [main] INFO  org.mule.processor.SedaStageLifecycleManager - Starting service: get:/flights:american-flights-api-config.stage1
2018-03-25 19:16:56,732 [main] INFO  org.mule.construct.FlowConstructLifecycleManager - Starting flow: get:/flights/{ID}:american-flights-api-config
2018-03-25 19:16:56,732 [main] INFO  org.mule.processor.SedaStageLifecycleManager - Starting service: get:/flights/{ID}:american-flights-api-config.stage1
2018-03-25 19:16:56,734 [main] INFO  org.mule.construct.FlowConstructLifecycleManager - Starting flow: post:/flights:application/json:american-flights-api-config
2018-03-25 19:16:56,734 [main] INFO  org.mule.processor.SedaStageLifecycleManager - Starting service: post:/flights:application/json:american-flights-api-config.stage1
2018-03-25 19:16:56,785 [main] INFO  org.mule.module.management.agent.WrapperManagerAgent - This JVM hasn't been launched by the wrapper, the agent will not run.
2018-03-25 19:16:56,807 [main] INFO  org.mule.DefaultMuleContext - 
**********************************************************************
* Application: training-american-ws                                  *
* OS encoding: /, Mule encoding: UTF-8                               *
*                                                                    *
* Agents Running:                                                    *
*   DevKit Extension Information                                     *
*   JMX Agent                                                        *
*   Batch module default engine                                      *
*   Wrapper Manager                                                  *
**********************************************************************
2018-03-25 19:17:04,113 [[training-american-ws].american-flights-api-httpListenerConfig.worker.05] INFO  com.mulesoft.weave.mule.utils.MuleWeaveFactory$ - MimeType was not resolved '*/*' delegating to Java.
2018-03-25 21:48:53,360 [main] INFO  org.mule.module.launcher.application.DefaultMuleApplication - 
++++++++++++++++++++++++++++++++++++++++++++++++++++++++++++
+ Initializing app 'training-american-ws'                  +
++++++++++++++++++++++++++++++++++++++++++++++++++++++++++++
2018-03-25 21:48:53,475 [main] INFO  org.mule.lifecycle.AbstractLifecycleManager - Initialising RegistryBroker
2018-03-25 21:48:53,577 [main] INFO  org.mule.module.extension.internal.manager.DefaultExtensionManager - Starting discovery of extensions
2018-03-25 21:48:53,679 [main] INFO  org.mule.module.extension.internal.manager.DefaultExtensionManager - Discovered 1 extensions
2018-03-25 21:48:53,680 [main] INFO  org.mule.module.extension.internal.manager.DefaultExtensionManager - Registering extension validation (version 3.9)
2018-03-25 21:48:53,903 [main] INFO  org.mule.config.spring.MuleArtifactContext - Refreshing org.mule.config.spring.MuleArtifactContext@5cc5b667: startup date [Sun Mar 25 21:48:53 CDT 2018]; root of context hierarchy
2018-03-25 21:48:55,024 [main] INFO  org.springframework.context.support.PropertySourcesPlaceholderConfigurer - Loading properties file from class path resource [american-DEV.properties]
2018-03-25 21:48:55,030 [main] INFO  org.springframework.context.support.PropertySourcesPlaceholderConfigurer - Loading properties file from class path resource [american-DEV.properties]
2018-03-25 21:48:55,051 [main] INFO  org.mule.config.spring.processors.NoDevkitInjectorProcessor - JSR-330 'javax.inject.Inject' annotation found and supported for autowiring
2018-03-25 21:48:55,428 [main] WARN  org.mule.expression.DefaultExpressionManager - Expression string is not an expression.  Use isExpression(String) to validate first
2018-03-25 21:48:55,428 [main] WARN  org.mule.expression.DefaultExpressionManager - Expression string is not an expression.  Use isExpression(String) to validate first
2018-03-25 21:48:55,428 [main] WARN  org.mule.expression.DefaultExpressionManager - Expression string is not an expression.  Use isExpression(String) to validate first
2018-03-25 21:48:55,428 [main] WARN  org.mule.expression.DefaultExpressionManager - Expression string is not an expression.  Use isExpression(String) to validate first
2018-03-25 21:48:56,062 [main] WARN  org.mule.module.ognl.expression.OgnlExpressionEvaluator - OGNL module is deprecated and will be removed in Mule 4.0. Use MEL expressions instead.
2018-03-25 21:48:56,408 [main] INFO  org.mule.util.journal.TransactionJournal - Using files for tx logs /Users/apetricc/anypointTraining/workspace2/.mule/./.mule/training-american-ws/queue-tx-log/tx1.log and /Users/apetricc/anypointTraining/workspace2/.mule/./.mule/training-american-ws/queue-tx-log/tx2.log
2018-03-25 21:48:56,420 [main] INFO  org.mule.util.journal.TransactionJournal - Using files for tx logs /Users/apetricc/anypointTraining/workspace2/.mule/./.mule/training-american-ws/queue-xa-tx-log/tx1.log and /Users/apetricc/anypointTraining/workspace2/.mule/./.mule/training-american-ws/queue-xa-tx-log/tx2.log
2018-03-25 21:48:56,497 [main] INFO  org.mule.lifecycle.AbstractLifecycleManager - Initialising model: _muleSystemModel
2018-03-25 21:48:56,500 [main] INFO  org.mule.construct.FlowConstructLifecycleManager - Initialising flow: getFlightsFlow
2018-03-25 21:48:56,501 [main] INFO  org.mule.exception.DefaultMessagingExceptionStrategy - Initialising exception listener: org.mule.exception.DefaultMessagingExceptionStrategy@2ac519dc
2018-03-25 21:48:56,517 [main] INFO  org.mule.processor.SedaStageLifecycleManager - Initialising service: getFlightsFlow.stage1
2018-03-25 21:48:56,526 [main] INFO  org.mule.construct.FlowConstructLifecycleManager - Initialising flow: getFlightsByIDFlow
2018-03-25 21:48:56,526 [main] INFO  org.mule.exception.DefaultMessagingExceptionStrategy - Initialising exception listener: org.mule.exception.DefaultMessagingExceptionStrategy@35adf623
2018-03-25 21:48:56,529 [main] INFO  org.mule.processor.SedaStageLifecycleManager - Initialising service: getFlightsByIDFlow.stage1
2018-03-25 21:48:56,529 [main] INFO  org.mule.construct.FlowConstructLifecycleManager - Initialising flow: postFlightFlow
2018-03-25 21:48:56,529 [main] INFO  org.mule.exception.DefaultMessagingExceptionStrategy - Initialising exception listener: org.mule.exception.DefaultMessagingExceptionStrategy@1b3ab4f9
2018-03-25 21:48:56,532 [main] INFO  org.mule.processor.SedaStageLifecycleManager - Initialising service: postFlightFlow.stage1
2018-03-25 21:48:56,533 [main] INFO  org.mule.construct.FlowConstructLifecycleManager - Initialising flow: american-flights-api-main
2018-03-25 21:48:56,533 [main] INFO  org.mule.module.apikit.MappingExceptionListener - Initialising exception listener: MappingExceptionListener{statusCode=404, exceptions=[org.mule.module.apikit.exception.NotFoundException]}
2018-03-25 21:48:56,533 [main] INFO  org.mule.module.apikit.MappingExceptionListener - Initialising exception listener: MappingExceptionListener{statusCode=405, exceptions=[org.mule.module.apikit.exception.MethodNotAllowedException]}
2018-03-25 21:48:56,534 [main] INFO  org.mule.module.apikit.MappingExceptionListener - Initialising exception listener: MappingExceptionListener{statusCode=415, exceptions=[org.mule.module.apikit.exception.UnsupportedMediaTypeException]}
2018-03-25 21:48:56,534 [main] INFO  org.mule.module.apikit.MappingExceptionListener - Initialising exception listener: MappingExceptionListener{statusCode=406, exceptions=[org.mule.module.apikit.exception.NotAcceptableException]}
2018-03-25 21:48:56,534 [main] INFO  org.mule.module.apikit.MappingExceptionListener - Initialising exception listener: MappingExceptionListener{statusCode=400, exceptions=[org.mule.module.apikit.exception.BadRequestException]}
2018-03-25 21:48:56,543 [main] INFO  org.mule.processor.SedaStageLifecycleManager - Initialising service: american-flights-api-main.stage1
2018-03-25 21:48:56,544 [main] INFO  org.mule.construct.FlowConstructLifecycleManager - Initialising flow: american-flights-api-console
2018-03-25 21:48:56,544 [main] INFO  org.mule.exception.DefaultMessagingExceptionStrategy - Initialising exception listener: org.mule.exception.DefaultMessagingExceptionStrategy@7573b9ee
2018-03-25 21:48:56,549 [main] INFO  org.mule.processor.SedaStageLifecycleManager - Initialising service: american-flights-api-console.stage1
2018-03-25 21:48:56,551 [main] INFO  org.mule.construct.FlowConstructLifecycleManager - Initialising flow: put:/flights/{ID}:application/json:american-flights-api-config
2018-03-25 21:48:56,552 [main] INFO  org.mule.exception.DefaultMessagingExceptionStrategy - Initialising exception listener: org.mule.exception.DefaultMessagingExceptionStrategy@5efeb117
2018-03-25 21:48:56,555 [main] INFO  org.mule.processor.SedaStageLifecycleManager - Initialising service: put:/flights/{ID}:application/json:american-flights-api-config.stage1
2018-03-25 21:48:56,555 [main] INFO  org.mule.construct.FlowConstructLifecycleManager - Initialising flow: delete:/flights/{ID}:american-flights-api-config
2018-03-25 21:48:56,555 [main] INFO  org.mule.exception.DefaultMessagingExceptionStrategy - Initialising exception listener: org.mule.exception.DefaultMessagingExceptionStrategy@79a13920
2018-03-25 21:48:56,559 [main] INFO  org.mule.processor.SedaStageLifecycleManager - Initialising service: delete:/flights/{ID}:american-flights-api-config.stage1
2018-03-25 21:48:56,559 [main] INFO  org.mule.construct.FlowConstructLifecycleManager - Initialising flow: get:/flights:american-flights-api-config
2018-03-25 21:48:56,560 [main] INFO  org.mule.exception.DefaultMessagingExceptionStrategy - Initialising exception listener: org.mule.exception.DefaultMessagingExceptionStrategy@1ad9b8d3
2018-03-25 21:48:56,563 [main] INFO  org.mule.processor.SedaStageLifecycleManager - Initialising service: get:/flights:american-flights-api-config.stage1
2018-03-25 21:48:56,563 [main] INFO  org.mule.construct.FlowConstructLifecycleManager - Initialising flow: get:/flights/{ID}:american-flights-api-config
2018-03-25 21:48:56,563 [main] INFO  org.mule.exception.DefaultMessagingExceptionStrategy - Initialising exception listener: org.mule.exception.DefaultMessagingExceptionStrategy@401c4250
2018-03-25 21:48:56,569 [main] INFO  org.mule.processor.SedaStageLifecycleManager - Initialising service: get:/flights/{ID}:american-flights-api-config.stage1
2018-03-25 21:48:56,569 [main] INFO  org.mule.construct.FlowConstructLifecycleManager - Initialising flow: post:/flights:application/json:american-flights-api-config
2018-03-25 21:48:56,569 [main] INFO  org.mule.exception.DefaultMessagingExceptionStrategy - Initialising exception listener: org.mule.exception.DefaultMessagingExceptionStrategy@364fd4ae
2018-03-25 21:48:56,573 [main] INFO  org.mule.processor.SedaStageLifecycleManager - Initialising service: post:/flights:application/json:american-flights-api-config.stage1
2018-03-25 21:48:56,991 [main] INFO  org.mule.module.apikit.Configuration - Building resource URI cache...
2018-03-25 21:48:57,189 [main] INFO  org.mule.config.spring.SpringXmlConfigurationBuilder - Configured Mule using "org.mule.config.spring.SpringXmlConfigurationBuilder" with configuration resource(s): "[ConfigResource{resourceName='/Users/apetricc/anypointTraining/workspace2/.mule/apps/training-american-ws/implementation.xml'}, ConfigResource{resourceName='/Users/apetricc/anypointTraining/workspace2/.mule/apps/training-american-ws/interface.xml'}]"
2018-03-25 21:48:57,189 [main] INFO  org.mule.config.builders.AutoConfigurationBuilder - Configured Mule using "org.mule.config.builders.AutoConfigurationBuilder" with configuration resource(s): "[ConfigResource{resourceName='/Users/apetricc/anypointTraining/workspace2/.mule/apps/training-american-ws/implementation.xml'}, ConfigResource{resourceName='/Users/apetricc/anypointTraining/workspace2/.mule/apps/training-american-ws/interface.xml'}]"
2018-03-25 21:48:57,194 [main] INFO  org.mule.module.launcher.application.DefaultMuleApplication - 
++++++++++++++++++++++++++++++++++++++++++++++++++++++++++++
+ Starting app 'training-american-ws'                      +
++++++++++++++++++++++++++++++++++++++++++++++++++++++++++++
2018-03-25 21:48:57,197 [main] INFO  org.mule.util.queue.QueueXaResourceManager - Starting ResourceManager
2018-03-25 21:48:57,197 [main] INFO  org.mule.util.queue.QueueXaResourceManager - Started ResourceManager
2018-03-25 21:48:57,255 [main] INFO  org.mule.module.http.internal.listener.DefaultHttpListenerConfig - Listening for requests on http://0.0.0.0:8081
2018-03-25 21:48:57,259 [main] INFO  org.mule.modules.oauth2.provider.agents.DefaultSplashScreenAgent - 
++++++++++++++++++++++++++++++++++++++++++++++++++++++++++++++++++++++++++++++++
+ DevKit Extensions (0) used in this application 
                             +
++++++++++++++++++++++++++++++++++++++++++++++++++++++++++++++++++++++++++++++++
2018-03-25 21:48:57,260 [main] INFO  org.mule.lifecycle.AbstractLifecycleManager - Starting model: _muleSystemModel
2018-03-25 21:48:57,262 [main] INFO  org.mule.construct.FlowConstructLifecycleManager - Starting flow: getFlightsFlow
2018-03-25 21:48:57,263 [main] INFO  org.mule.processor.SedaStageLifecycleManager - Starting service: getFlightsFlow.stage1
2018-03-25 21:48:57,267 [main] INFO  org.mule.construct.FlowConstructLifecycleManager - Starting flow: getFlightsByIDFlow
2018-03-25 21:48:57,267 [main] INFO  org.mule.processor.SedaStageLifecycleManager - Starting service: getFlightsByIDFlow.stage1
2018-03-25 21:48:57,269 [main] INFO  org.mule.construct.FlowConstructLifecycleManager - Starting flow: postFlightFlow
2018-03-25 21:48:57,269 [main] INFO  org.mule.processor.SedaStageLifecycleManager - Starting service: postFlightFlow.stage1
2018-03-25 21:48:57,271 [main] INFO  org.mule.construct.FlowConstructLifecycleManager - Starting flow: american-flights-api-main
2018-03-25 21:48:57,271 [main] INFO  org.mule.processor.SedaStageLifecycleManager - Starting service: american-flights-api-main.stage1
2018-03-25 21:48:57,278 [main] INFO  org.mule.module.apikit.Configuration - 
********************************************************************************
* APIKit Console URL: http://127.0.0.1:8081/console                            *
********************************************************************************
2018-03-25 21:48:57,278 [main] INFO  org.mule.construct.FlowConstructLifecycleManager - Starting flow: american-flights-api-console
2018-03-25 21:48:57,278 [main] INFO  org.mule.processor.SedaStageLifecycleManager - Starting service: american-flights-api-console.stage1
2018-03-25 21:48:57,281 [main] INFO  org.mule.construct.FlowConstructLifecycleManager - Starting flow: put:/flights/{ID}:application/json:american-flights-api-config
2018-03-25 21:48:57,281 [main] INFO  org.mule.processor.SedaStageLifecycleManager - Starting service: put:/flights/{ID}:application/json:american-flights-api-config.stage1
2018-03-25 21:48:57,283 [main] INFO  org.mule.construct.FlowConstructLifecycleManager - Starting flow: delete:/flights/{ID}:american-flights-api-config
2018-03-25 21:48:57,283 [main] INFO  org.mule.processor.SedaStageLifecycleManager - Starting service: delete:/flights/{ID}:american-flights-api-config.stage1
2018-03-25 21:48:57,285 [main] INFO  org.mule.construct.FlowConstructLifecycleManager - Starting flow: get:/flights:american-flights-api-config
2018-03-25 21:48:57,285 [main] INFO  org.mule.processor.SedaStageLifecycleManager - Starting service: get:/flights:american-flights-api-config.stage1
2018-03-25 21:48:57,287 [main] INFO  org.mule.construct.FlowConstructLifecycleManager - Starting flow: get:/flights/{ID}:american-flights-api-config
2018-03-25 21:48:57,287 [main] INFO  org.mule.processor.SedaStageLifecycleManager - Starting service: get:/flights/{ID}:american-flights-api-config.stage1
2018-03-25 21:48:57,289 [main] INFO  org.mule.construct.FlowConstructLifecycleManager - Starting flow: post:/flights:application/json:american-flights-api-config
2018-03-25 21:48:57,289 [main] INFO  org.mule.processor.SedaStageLifecycleManager - Starting service: post:/flights:application/json:american-flights-api-config.stage1
2018-03-25 21:48:57,331 [main] INFO  org.mule.module.management.agent.WrapperManagerAgent - This JVM hasn't been launched by the wrapper, the agent will not run.
2018-03-25 21:48:57,355 [main] INFO  org.mule.DefaultMuleContext - 
**********************************************************************
* Application: training-american-ws                                  *
* OS encoding: /, Mule encoding: UTF-8                               *
*                                                                    *
* Agents Running:                                                    *
*   DevKit Extension Information                                     *
*   JMX Agent                                                        *
*   Batch module default engine                                      *
*   Wrapper Manager                                                  *
**********************************************************************
2018-03-25 21:49:06,459 [[training-american-ws].american-flights-api-httpListenerConfig.worker.04] INFO  com.mulesoft.weave.mule.utils.MuleWeaveFactory$ - MimeType was not resolved '*/*' delegating to Java.
2018-03-25 21:49:37,542 [main] INFO  org.mule.module.launcher.application.DefaultMuleApplication - 
++++++++++++++++++++++++++++++++++++++++++++++++++++++++++++
+ Initializing app 'training-american-ws'                  +
++++++++++++++++++++++++++++++++++++++++++++++++++++++++++++
2018-03-25 21:49:37,664 [main] INFO  org.mule.lifecycle.AbstractLifecycleManager - Initialising RegistryBroker
2018-03-25 21:49:37,778 [main] INFO  org.mule.module.extension.internal.manager.DefaultExtensionManager - Starting discovery of extensions
2018-03-25 21:49:37,879 [main] INFO  org.mule.module.extension.internal.manager.DefaultExtensionManager - Discovered 1 extensions
2018-03-25 21:49:37,879 [main] INFO  org.mule.module.extension.internal.manager.DefaultExtensionManager - Registering extension validation (version 3.9)
2018-03-25 21:49:38,116 [main] INFO  org.mule.config.spring.MuleArtifactContext - Refreshing org.mule.config.spring.MuleArtifactContext@5cc5b667: startup date [Sun Mar 25 21:49:38 CDT 2018]; root of context hierarchy
2018-03-25 21:49:39,235 [main] INFO  org.springframework.context.support.PropertySourcesPlaceholderConfigurer - Loading properties file from class path resource [american-DEV.properties]
2018-03-25 21:49:39,241 [main] INFO  org.springframework.context.support.PropertySourcesPlaceholderConfigurer - Loading properties file from class path resource [american-DEV.properties]
2018-03-25 21:49:39,276 [main] INFO  org.mule.config.spring.processors.NoDevkitInjectorProcessor - JSR-330 'javax.inject.Inject' annotation found and supported for autowiring
2018-03-25 21:49:39,642 [main] WARN  org.mule.expression.DefaultExpressionManager - Expression string is not an expression.  Use isExpression(String) to validate first
2018-03-25 21:49:39,642 [main] WARN  org.mule.expression.DefaultExpressionManager - Expression string is not an expression.  Use isExpression(String) to validate first
2018-03-25 21:49:39,642 [main] WARN  org.mule.expression.DefaultExpressionManager - Expression string is not an expression.  Use isExpression(String) to validate first
2018-03-25 21:49:39,642 [main] WARN  org.mule.expression.DefaultExpressionManager - Expression string is not an expression.  Use isExpression(String) to validate first
2018-03-25 21:49:40,275 [main] WARN  org.mule.module.ognl.expression.OgnlExpressionEvaluator - OGNL module is deprecated and will be removed in Mule 4.0. Use MEL expressions instead.
2018-03-25 21:49:40,614 [main] INFO  org.mule.util.journal.TransactionJournal - Using files for tx logs /Users/apetricc/anypointTraining/workspace2/.mule/./.mule/training-american-ws/queue-tx-log/tx1.log and /Users/apetricc/anypointTraining/workspace2/.mule/./.mule/training-american-ws/queue-tx-log/tx2.log
2018-03-25 21:49:40,624 [main] INFO  org.mule.util.journal.TransactionJournal - Using files for tx logs /Users/apetricc/anypointTraining/workspace2/.mule/./.mule/training-american-ws/queue-xa-tx-log/tx1.log and /Users/apetricc/anypointTraining/workspace2/.mule/./.mule/training-american-ws/queue-xa-tx-log/tx2.log
2018-03-25 21:49:40,705 [main] INFO  org.mule.lifecycle.AbstractLifecycleManager - Initialising model: _muleSystemModel
2018-03-25 21:49:40,709 [main] INFO  org.mule.construct.FlowConstructLifecycleManager - Initialising flow: getFlightsFlow
2018-03-25 21:49:40,709 [main] INFO  org.mule.exception.DefaultMessagingExceptionStrategy - Initialising exception listener: org.mule.exception.DefaultMessagingExceptionStrategy@2ac519dc
2018-03-25 21:49:40,726 [main] INFO  org.mule.processor.SedaStageLifecycleManager - Initialising service: getFlightsFlow.stage1
2018-03-25 21:49:40,735 [main] INFO  org.mule.construct.FlowConstructLifecycleManager - Initialising flow: getFlightsByIDFlow
2018-03-25 21:49:40,735 [main] INFO  org.mule.exception.DefaultMessagingExceptionStrategy - Initialising exception listener: org.mule.exception.DefaultMessagingExceptionStrategy@35adf623
2018-03-25 21:49:40,738 [main] INFO  org.mule.processor.SedaStageLifecycleManager - Initialising service: getFlightsByIDFlow.stage1
2018-03-25 21:49:40,738 [main] INFO  org.mule.construct.FlowConstructLifecycleManager - Initialising flow: postFlightFlow
2018-03-25 21:49:40,738 [main] INFO  org.mule.exception.DefaultMessagingExceptionStrategy - Initialising exception listener: org.mule.exception.DefaultMessagingExceptionStrategy@1b3ab4f9
2018-03-25 21:49:40,741 [main] INFO  org.mule.processor.SedaStageLifecycleManager - Initialising service: postFlightFlow.stage1
2018-03-25 21:49:40,742 [main] INFO  org.mule.construct.FlowConstructLifecycleManager - Initialising flow: american-flights-api-main
2018-03-25 21:49:40,742 [main] INFO  org.mule.module.apikit.MappingExceptionListener - Initialising exception listener: MappingExceptionListener{statusCode=404, exceptions=[org.mule.module.apikit.exception.NotFoundException]}
2018-03-25 21:49:40,743 [main] INFO  org.mule.module.apikit.MappingExceptionListener - Initialising exception listener: MappingExceptionListener{statusCode=405, exceptions=[org.mule.module.apikit.exception.MethodNotAllowedException]}
2018-03-25 21:49:40,743 [main] INFO  org.mule.module.apikit.MappingExceptionListener - Initialising exception listener: MappingExceptionListener{statusCode=415, exceptions=[org.mule.module.apikit.exception.UnsupportedMediaTypeException]}
2018-03-25 21:49:40,743 [main] INFO  org.mule.module.apikit.MappingExceptionListener - Initialising exception listener: MappingExceptionListener{statusCode=406, exceptions=[org.mule.module.apikit.exception.NotAcceptableException]}
2018-03-25 21:49:40,743 [main] INFO  org.mule.module.apikit.MappingExceptionListener - Initialising exception listener: MappingExceptionListener{statusCode=400, exceptions=[org.mule.module.apikit.exception.BadRequestException]}
2018-03-25 21:49:40,754 [main] INFO  org.mule.processor.SedaStageLifecycleManager - Initialising service: american-flights-api-main.stage1
2018-03-25 21:49:40,754 [main] INFO  org.mule.construct.FlowConstructLifecycleManager - Initialising flow: american-flights-api-console
2018-03-25 21:49:40,754 [main] INFO  org.mule.exception.DefaultMessagingExceptionStrategy - Initialising exception listener: org.mule.exception.DefaultMessagingExceptionStrategy@7573b9ee
2018-03-25 21:49:40,761 [main] INFO  org.mule.processor.SedaStageLifecycleManager - Initialising service: american-flights-api-console.stage1
2018-03-25 21:49:40,764 [main] INFO  org.mule.construct.FlowConstructLifecycleManager - Initialising flow: put:/flights/{ID}:application/json:american-flights-api-config
2018-03-25 21:49:40,764 [main] INFO  org.mule.exception.DefaultMessagingExceptionStrategy - Initialising exception listener: org.mule.exception.DefaultMessagingExceptionStrategy@5efeb117
2018-03-25 21:49:40,767 [main] INFO  org.mule.processor.SedaStageLifecycleManager - Initialising service: put:/flights/{ID}:application/json:american-flights-api-config.stage1
2018-03-25 21:49:40,767 [main] INFO  org.mule.construct.FlowConstructLifecycleManager - Initialising flow: delete:/flights/{ID}:american-flights-api-config
2018-03-25 21:49:40,767 [main] INFO  org.mule.exception.DefaultMessagingExceptionStrategy - Initialising exception listener: org.mule.exception.DefaultMessagingExceptionStrategy@79a13920
2018-03-25 21:49:40,770 [main] INFO  org.mule.processor.SedaStageLifecycleManager - Initialising service: delete:/flights/{ID}:american-flights-api-config.stage1
2018-03-25 21:49:40,770 [main] INFO  org.mule.construct.FlowConstructLifecycleManager - Initialising flow: get:/flights:american-flights-api-config
2018-03-25 21:49:40,770 [main] INFO  org.mule.exception.DefaultMessagingExceptionStrategy - Initialising exception listener: org.mule.exception.DefaultMessagingExceptionStrategy@1ad9b8d3
2018-03-25 21:49:40,776 [main] INFO  org.mule.processor.SedaStageLifecycleManager - Initialising service: get:/flights:american-flights-api-config.stage1
2018-03-25 21:49:40,777 [main] INFO  org.mule.construct.FlowConstructLifecycleManager - Initialising flow: get:/flights/{ID}:american-flights-api-config
2018-03-25 21:49:40,777 [main] INFO  org.mule.exception.DefaultMessagingExceptionStrategy - Initialising exception listener: org.mule.exception.DefaultMessagingExceptionStrategy@401c4250
2018-03-25 21:49:40,780 [main] INFO  org.mule.processor.SedaStageLifecycleManager - Initialising service: get:/flights/{ID}:american-flights-api-config.stage1
2018-03-25 21:49:40,780 [main] INFO  org.mule.construct.FlowConstructLifecycleManager - Initialising flow: post:/flights:application/json:american-flights-api-config
2018-03-25 21:49:40,780 [main] INFO  org.mule.exception.DefaultMessagingExceptionStrategy - Initialising exception listener: org.mule.exception.DefaultMessagingExceptionStrategy@364fd4ae
2018-03-25 21:49:40,783 [main] INFO  org.mule.processor.SedaStageLifecycleManager - Initialising service: post:/flights:application/json:american-flights-api-config.stage1
2018-03-25 21:49:41,201 [main] INFO  org.mule.module.apikit.Configuration - Building resource URI cache...
2018-03-25 21:49:41,391 [main] INFO  org.mule.config.spring.SpringXmlConfigurationBuilder - Configured Mule using "org.mule.config.spring.SpringXmlConfigurationBuilder" with configuration resource(s): "[ConfigResource{resourceName='/Users/apetricc/anypointTraining/workspace2/.mule/apps/training-american-ws/implementation.xml'}, ConfigResource{resourceName='/Users/apetricc/anypointTraining/workspace2/.mule/apps/training-american-ws/interface.xml'}]"
2018-03-25 21:49:41,391 [main] INFO  org.mule.config.builders.AutoConfigurationBuilder - Configured Mule using "org.mule.config.builders.AutoConfigurationBuilder" with configuration resource(s): "[ConfigResource{resourceName='/Users/apetricc/anypointTraining/workspace2/.mule/apps/training-american-ws/implementation.xml'}, ConfigResource{resourceName='/Users/apetricc/anypointTraining/workspace2/.mule/apps/training-american-ws/interface.xml'}]"
2018-03-25 21:49:41,395 [main] INFO  org.mule.module.launcher.application.DefaultMuleApplication - 
++++++++++++++++++++++++++++++++++++++++++++++++++++++++++++
+ Starting app 'training-american-ws'                      +
++++++++++++++++++++++++++++++++++++++++++++++++++++++++++++
2018-03-25 21:49:41,399 [main] INFO  org.mule.util.queue.QueueXaResourceManager - Starting ResourceManager
2018-03-25 21:49:41,399 [main] INFO  org.mule.util.queue.QueueXaResourceManager - Started ResourceManager
2018-03-25 21:49:41,454 [main] INFO  org.mule.module.http.internal.listener.DefaultHttpListenerConfig - Listening for requests on http://0.0.0.0:8081
2018-03-25 21:49:41,458 [main] INFO  org.mule.modules.oauth2.provider.agents.DefaultSplashScreenAgent - 
++++++++++++++++++++++++++++++++++++++++++++++++++++++++++++++++++++++++++++++++
+ DevKit Extensions (0) used in this application 
                             +
++++++++++++++++++++++++++++++++++++++++++++++++++++++++++++++++++++++++++++++++
2018-03-25 21:49:41,460 [main] INFO  org.mule.lifecycle.AbstractLifecycleManager - Starting model: _muleSystemModel
2018-03-25 21:49:41,461 [main] INFO  org.mule.construct.FlowConstructLifecycleManager - Starting flow: getFlightsFlow
2018-03-25 21:49:41,461 [main] INFO  org.mule.processor.SedaStageLifecycleManager - Starting service: getFlightsFlow.stage1
2018-03-25 21:49:41,464 [main] INFO  org.mule.construct.FlowConstructLifecycleManager - Starting flow: getFlightsByIDFlow
2018-03-25 21:49:41,464 [main] INFO  org.mule.processor.SedaStageLifecycleManager - Starting service: getFlightsByIDFlow.stage1
2018-03-25 21:49:41,466 [main] INFO  org.mule.construct.FlowConstructLifecycleManager - Starting flow: postFlightFlow
2018-03-25 21:49:41,466 [main] INFO  org.mule.processor.SedaStageLifecycleManager - Starting service: postFlightFlow.stage1
2018-03-25 21:49:41,468 [main] INFO  org.mule.construct.FlowConstructLifecycleManager - Starting flow: american-flights-api-main
2018-03-25 21:49:41,468 [main] INFO  org.mule.processor.SedaStageLifecycleManager - Starting service: american-flights-api-main.stage1
2018-03-25 21:49:41,476 [main] INFO  org.mule.module.apikit.Configuration - 
********************************************************************************
* APIKit Console URL: http://127.0.0.1:8081/console                            *
********************************************************************************
2018-03-25 21:49:41,476 [main] INFO  org.mule.construct.FlowConstructLifecycleManager - Starting flow: american-flights-api-console
2018-03-25 21:49:41,476 [main] INFO  org.mule.processor.SedaStageLifecycleManager - Starting service: american-flights-api-console.stage1
2018-03-25 21:49:41,479 [main] INFO  org.mule.construct.FlowConstructLifecycleManager - Starting flow: put:/flights/{ID}:application/json:american-flights-api-config
2018-03-25 21:49:41,479 [main] INFO  org.mule.processor.SedaStageLifecycleManager - Starting service: put:/flights/{ID}:application/json:american-flights-api-config.stage1
2018-03-25 21:49:41,481 [main] INFO  org.mule.construct.FlowConstructLifecycleManager - Starting flow: delete:/flights/{ID}:american-flights-api-config
2018-03-25 21:49:41,481 [main] INFO  org.mule.processor.SedaStageLifecycleManager - Starting service: delete:/flights/{ID}:american-flights-api-config.stage1
2018-03-25 21:49:41,483 [main] INFO  org.mule.construct.FlowConstructLifecycleManager - Starting flow: get:/flights:american-flights-api-config
2018-03-25 21:49:41,483 [main] INFO  org.mule.processor.SedaStageLifecycleManager - Starting service: get:/flights:american-flights-api-config.stage1
2018-03-25 21:49:41,485 [main] INFO  org.mule.construct.FlowConstructLifecycleManager - Starting flow: get:/flights/{ID}:american-flights-api-config
2018-03-25 21:49:41,485 [main] INFO  org.mule.processor.SedaStageLifecycleManager - Starting service: get:/flights/{ID}:american-flights-api-config.stage1
2018-03-25 21:49:41,486 [main] INFO  org.mule.construct.FlowConstructLifecycleManager - Starting flow: post:/flights:application/json:american-flights-api-config
2018-03-25 21:49:41,486 [main] INFO  org.mule.processor.SedaStageLifecycleManager - Starting service: post:/flights:application/json:american-flights-api-config.stage1
2018-03-25 21:49:41,527 [main] INFO  org.mule.module.management.agent.WrapperManagerAgent - This JVM hasn't been launched by the wrapper, the agent will not run.
2018-03-25 21:49:41,561 [main] INFO  org.mule.DefaultMuleContext - 
**********************************************************************
* Application: training-american-ws                                  *
* OS encoding: /, Mule encoding: UTF-8                               *
*                                                                    *
* Agents Running:                                                    *
*   DevKit Extension Information                                     *
*   JMX Agent                                                        *
*   Batch module default engine                                      *
*   Wrapper Manager                                                  *
**********************************************************************
2018-03-25 21:49:47,590 [[training-american-ws].american-flights-api-httpListenerConfig.worker.04] INFO  com.mulesoft.weave.mule.utils.MuleWeaveFactory$ - MimeType was not resolved '*/*' delegating to Java.
2018-03-25 22:16:17,247 [main] INFO  org.mule.module.launcher.application.DefaultMuleApplication - 
++++++++++++++++++++++++++++++++++++++++++++++++++++++++++++
+ Initializing app 'training-american-ws'                  +
++++++++++++++++++++++++++++++++++++++++++++++++++++++++++++
2018-03-25 22:16:17,366 [main] INFO  org.mule.lifecycle.AbstractLifecycleManager - Initialising RegistryBroker
2018-03-25 22:16:17,466 [main] INFO  org.mule.module.extension.internal.manager.DefaultExtensionManager - Starting discovery of extensions
2018-03-25 22:16:17,565 [main] INFO  org.mule.module.extension.internal.manager.DefaultExtensionManager - Discovered 1 extensions
2018-03-25 22:16:17,565 [main] INFO  org.mule.module.extension.internal.manager.DefaultExtensionManager - Registering extension validation (version 3.9)
2018-03-25 22:16:17,798 [main] INFO  org.mule.config.spring.MuleArtifactContext - Refreshing org.mule.config.spring.MuleArtifactContext@5cc5b667: startup date [Sun Mar 25 22:16:17 CDT 2018]; root of context hierarchy
2018-03-25 22:16:18,949 [main] INFO  org.springframework.context.support.PropertySourcesPlaceholderConfigurer - Loading properties file from class path resource [american-DEV.properties]
2018-03-25 22:16:18,955 [main] INFO  org.springframework.context.support.PropertySourcesPlaceholderConfigurer - Loading properties file from class path resource [american-DEV.properties]
2018-03-25 22:16:18,987 [main] INFO  org.mule.config.spring.processors.NoDevkitInjectorProcessor - JSR-330 'javax.inject.Inject' annotation found and supported for autowiring
2018-03-25 22:16:19,367 [main] WARN  org.mule.expression.DefaultExpressionManager - Expression string is not an expression.  Use isExpression(String) to validate first
2018-03-25 22:16:19,368 [main] WARN  org.mule.expression.DefaultExpressionManager - Expression string is not an expression.  Use isExpression(String) to validate first
2018-03-25 22:16:19,368 [main] WARN  org.mule.expression.DefaultExpressionManager - Expression string is not an expression.  Use isExpression(String) to validate first
2018-03-25 22:16:19,368 [main] WARN  org.mule.expression.DefaultExpressionManager - Expression string is not an expression.  Use isExpression(String) to validate first
2018-03-25 22:16:19,999 [main] WARN  org.mule.module.ognl.expression.OgnlExpressionEvaluator - OGNL module is deprecated and will be removed in Mule 4.0. Use MEL expressions instead.
2018-03-25 22:16:20,341 [main] INFO  org.mule.util.journal.TransactionJournal - Using files for tx logs /Users/apetricc/anypointTraining/workspace2/.mule/./.mule/training-american-ws/queue-tx-log/tx1.log and /Users/apetricc/anypointTraining/workspace2/.mule/./.mule/training-american-ws/queue-tx-log/tx2.log
2018-03-25 22:16:20,357 [main] INFO  org.mule.util.journal.TransactionJournal - Using files for tx logs /Users/apetricc/anypointTraining/workspace2/.mule/./.mule/training-american-ws/queue-xa-tx-log/tx1.log and /Users/apetricc/anypointTraining/workspace2/.mule/./.mule/training-american-ws/queue-xa-tx-log/tx2.log
2018-03-25 22:16:20,432 [main] INFO  org.mule.lifecycle.AbstractLifecycleManager - Initialising model: _muleSystemModel
2018-03-25 22:16:20,435 [main] INFO  org.mule.construct.FlowConstructLifecycleManager - Initialising flow: getFlightsFlow
2018-03-25 22:16:20,436 [main] INFO  org.mule.exception.DefaultMessagingExceptionStrategy - Initialising exception listener: org.mule.exception.DefaultMessagingExceptionStrategy@2ac519dc
2018-03-25 22:16:20,451 [main] INFO  org.mule.processor.SedaStageLifecycleManager - Initialising service: getFlightsFlow.stage1
2018-03-25 22:16:20,460 [main] INFO  org.mule.construct.FlowConstructLifecycleManager - Initialising flow: getFlightsByIDFlow
2018-03-25 22:16:20,460 [main] INFO  org.mule.exception.DefaultMessagingExceptionStrategy - Initialising exception listener: org.mule.exception.DefaultMessagingExceptionStrategy@35adf623
2018-03-25 22:16:20,463 [main] INFO  org.mule.processor.SedaStageLifecycleManager - Initialising service: getFlightsByIDFlow.stage1
2018-03-25 22:16:20,463 [main] INFO  org.mule.construct.FlowConstructLifecycleManager - Initialising flow: postFlightFlow
2018-03-25 22:16:20,463 [main] INFO  org.mule.exception.DefaultMessagingExceptionStrategy - Initialising exception listener: org.mule.exception.DefaultMessagingExceptionStrategy@1b3ab4f9
2018-03-25 22:16:20,466 [main] INFO  org.mule.processor.SedaStageLifecycleManager - Initialising service: postFlightFlow.stage1
2018-03-25 22:16:20,467 [main] INFO  org.mule.construct.FlowConstructLifecycleManager - Initialising flow: american-flights-api-main
2018-03-25 22:16:20,467 [main] INFO  org.mule.module.apikit.MappingExceptionListener - Initialising exception listener: MappingExceptionListener{statusCode=404, exceptions=[org.mule.module.apikit.exception.NotFoundException]}
2018-03-25 22:16:20,467 [main] INFO  org.mule.module.apikit.MappingExceptionListener - Initialising exception listener: MappingExceptionListener{statusCode=405, exceptions=[org.mule.module.apikit.exception.MethodNotAllowedException]}
2018-03-25 22:16:20,468 [main] INFO  org.mule.module.apikit.MappingExceptionListener - Initialising exception listener: MappingExceptionListener{statusCode=415, exceptions=[org.mule.module.apikit.exception.UnsupportedMediaTypeException]}
2018-03-25 22:16:20,468 [main] INFO  org.mule.module.apikit.MappingExceptionListener - Initialising exception listener: MappingExceptionListener{statusCode=406, exceptions=[org.mule.module.apikit.exception.NotAcceptableException]}
2018-03-25 22:16:20,468 [main] INFO  org.mule.module.apikit.MappingExceptionListener - Initialising exception listener: MappingExceptionListener{statusCode=400, exceptions=[org.mule.module.apikit.exception.BadRequestException]}
2018-03-25 22:16:20,477 [main] INFO  org.mule.processor.SedaStageLifecycleManager - Initialising service: american-flights-api-main.stage1
2018-03-25 22:16:20,478 [main] INFO  org.mule.construct.FlowConstructLifecycleManager - Initialising flow: american-flights-api-console
2018-03-25 22:16:20,478 [main] INFO  org.mule.exception.DefaultMessagingExceptionStrategy - Initialising exception listener: org.mule.exception.DefaultMessagingExceptionStrategy@7573b9ee
2018-03-25 22:16:20,484 [main] INFO  org.mule.processor.SedaStageLifecycleManager - Initialising service: american-flights-api-console.stage1
2018-03-25 22:16:20,488 [main] INFO  org.mule.construct.FlowConstructLifecycleManager - Initialising flow: put:/flights/{ID}:application/json:american-flights-api-config
2018-03-25 22:16:20,488 [main] INFO  org.mule.exception.DefaultMessagingExceptionStrategy - Initialising exception listener: org.mule.exception.DefaultMessagingExceptionStrategy@5efeb117
2018-03-25 22:16:20,492 [main] INFO  org.mule.processor.SedaStageLifecycleManager - Initialising service: put:/flights/{ID}:application/json:american-flights-api-config.stage1
2018-03-25 22:16:20,493 [main] INFO  org.mule.construct.FlowConstructLifecycleManager - Initialising flow: delete:/flights/{ID}:american-flights-api-config
2018-03-25 22:16:20,493 [main] INFO  org.mule.exception.DefaultMessagingExceptionStrategy - Initialising exception listener: org.mule.exception.DefaultMessagingExceptionStrategy@79a13920
2018-03-25 22:16:20,496 [main] INFO  org.mule.processor.SedaStageLifecycleManager - Initialising service: delete:/flights/{ID}:american-flights-api-config.stage1
2018-03-25 22:16:20,497 [main] INFO  org.mule.construct.FlowConstructLifecycleManager - Initialising flow: get:/flights:american-flights-api-config
2018-03-25 22:16:20,497 [main] INFO  org.mule.exception.DefaultMessagingExceptionStrategy - Initialising exception listener: org.mule.exception.DefaultMessagingExceptionStrategy@1ad9b8d3
2018-03-25 22:16:20,500 [main] INFO  org.mule.processor.SedaStageLifecycleManager - Initialising service: get:/flights:american-flights-api-config.stage1
2018-03-25 22:16:20,500 [main] INFO  org.mule.construct.FlowConstructLifecycleManager - Initialising flow: get:/flights/{ID}:american-flights-api-config
2018-03-25 22:16:20,500 [main] INFO  org.mule.exception.DefaultMessagingExceptionStrategy - Initialising exception listener: org.mule.exception.DefaultMessagingExceptionStrategy@401c4250
2018-03-25 22:16:20,503 [main] INFO  org.mule.processor.SedaStageLifecycleManager - Initialising service: get:/flights/{ID}:american-flights-api-config.stage1
2018-03-25 22:16:20,503 [main] INFO  org.mule.construct.FlowConstructLifecycleManager - Initialising flow: post:/flights:application/json:american-flights-api-config
2018-03-25 22:16:20,503 [main] INFO  org.mule.exception.DefaultMessagingExceptionStrategy - Initialising exception listener: org.mule.exception.DefaultMessagingExceptionStrategy@364fd4ae
2018-03-25 22:16:20,505 [main] INFO  org.mule.processor.SedaStageLifecycleManager - Initialising service: post:/flights:application/json:american-flights-api-config.stage1
2018-03-25 22:16:20,917 [main] INFO  org.mule.module.apikit.Configuration - Building resource URI cache...
2018-03-25 22:16:21,109 [main] INFO  org.mule.config.spring.SpringXmlConfigurationBuilder - Configured Mule using "org.mule.config.spring.SpringXmlConfigurationBuilder" with configuration resource(s): "[ConfigResource{resourceName='/Users/apetricc/anypointTraining/workspace2/.mule/apps/training-american-ws/implementation.xml'}, ConfigResource{resourceName='/Users/apetricc/anypointTraining/workspace2/.mule/apps/training-american-ws/interface.xml'}]"
2018-03-25 22:16:21,109 [main] INFO  org.mule.config.builders.AutoConfigurationBuilder - Configured Mule using "org.mule.config.builders.AutoConfigurationBuilder" with configuration resource(s): "[ConfigResource{resourceName='/Users/apetricc/anypointTraining/workspace2/.mule/apps/training-american-ws/implementation.xml'}, ConfigResource{resourceName='/Users/apetricc/anypointTraining/workspace2/.mule/apps/training-american-ws/interface.xml'}]"
2018-03-25 22:16:21,113 [main] INFO  org.mule.module.launcher.application.DefaultMuleApplication - 
++++++++++++++++++++++++++++++++++++++++++++++++++++++++++++
+ Starting app 'training-american-ws'                      +
++++++++++++++++++++++++++++++++++++++++++++++++++++++++++++
2018-03-25 22:16:21,117 [main] INFO  org.mule.util.queue.QueueXaResourceManager - Starting ResourceManager
2018-03-25 22:16:21,117 [main] INFO  org.mule.util.queue.QueueXaResourceManager - Started ResourceManager
2018-03-25 22:16:21,170 [main] INFO  org.mule.module.http.internal.listener.DefaultHttpListenerConfig - Listening for requests on http://0.0.0.0:8081
2018-03-25 22:16:21,175 [main] INFO  org.mule.modules.oauth2.provider.agents.DefaultSplashScreenAgent - 
++++++++++++++++++++++++++++++++++++++++++++++++++++++++++++++++++++++++++++++++
+ DevKit Extensions (0) used in this application 
                             +
++++++++++++++++++++++++++++++++++++++++++++++++++++++++++++++++++++++++++++++++
2018-03-25 22:16:21,176 [main] INFO  org.mule.lifecycle.AbstractLifecycleManager - Starting model: _muleSystemModel
2018-03-25 22:16:21,178 [main] INFO  org.mule.construct.FlowConstructLifecycleManager - Starting flow: getFlightsFlow
2018-03-25 22:16:21,178 [main] INFO  org.mule.processor.SedaStageLifecycleManager - Starting service: getFlightsFlow.stage1
2018-03-25 22:16:21,181 [main] INFO  org.mule.construct.FlowConstructLifecycleManager - Starting flow: getFlightsByIDFlow
2018-03-25 22:16:21,182 [main] INFO  org.mule.processor.SedaStageLifecycleManager - Starting service: getFlightsByIDFlow.stage1
2018-03-25 22:16:21,184 [main] INFO  org.mule.construct.FlowConstructLifecycleManager - Starting flow: postFlightFlow
2018-03-25 22:16:21,184 [main] INFO  org.mule.processor.SedaStageLifecycleManager - Starting service: postFlightFlow.stage1
2018-03-25 22:16:21,186 [main] INFO  org.mule.construct.FlowConstructLifecycleManager - Starting flow: american-flights-api-main
2018-03-25 22:16:21,186 [main] INFO  org.mule.processor.SedaStageLifecycleManager - Starting service: american-flights-api-main.stage1
2018-03-25 22:16:21,193 [main] INFO  org.mule.module.apikit.Configuration - 
********************************************************************************
* APIKit Console URL: http://127.0.0.1:8081/console                            *
********************************************************************************
2018-03-25 22:16:21,193 [main] INFO  org.mule.construct.FlowConstructLifecycleManager - Starting flow: american-flights-api-console
2018-03-25 22:16:21,193 [main] INFO  org.mule.processor.SedaStageLifecycleManager - Starting service: american-flights-api-console.stage1
2018-03-25 22:16:21,196 [main] INFO  org.mule.construct.FlowConstructLifecycleManager - Starting flow: put:/flights/{ID}:application/json:american-flights-api-config
2018-03-25 22:16:21,196 [main] INFO  org.mule.processor.SedaStageLifecycleManager - Starting service: put:/flights/{ID}:application/json:american-flights-api-config.stage1
2018-03-25 22:16:21,198 [main] INFO  org.mule.construct.FlowConstructLifecycleManager - Starting flow: delete:/flights/{ID}:american-flights-api-config
2018-03-25 22:16:21,198 [main] INFO  org.mule.processor.SedaStageLifecycleManager - Starting service: delete:/flights/{ID}:american-flights-api-config.stage1
2018-03-25 22:16:21,200 [main] INFO  org.mule.construct.FlowConstructLifecycleManager - Starting flow: get:/flights:american-flights-api-config
2018-03-25 22:16:21,200 [main] INFO  org.mule.processor.SedaStageLifecycleManager - Starting service: get:/flights:american-flights-api-config.stage1
2018-03-25 22:16:21,202 [main] INFO  org.mule.construct.FlowConstructLifecycleManager - Starting flow: get:/flights/{ID}:american-flights-api-config
2018-03-25 22:16:21,202 [main] INFO  org.mule.processor.SedaStageLifecycleManager - Starting service: get:/flights/{ID}:american-flights-api-config.stage1
2018-03-25 22:16:21,204 [main] INFO  org.mule.construct.FlowConstructLifecycleManager - Starting flow: post:/flights:application/json:american-flights-api-config
2018-03-25 22:16:21,204 [main] INFO  org.mule.processor.SedaStageLifecycleManager - Starting service: post:/flights:application/json:american-flights-api-config.stage1
2018-03-25 22:16:21,245 [main] INFO  org.mule.module.management.agent.WrapperManagerAgent - This JVM hasn't been launched by the wrapper, the agent will not run.
2018-03-25 22:16:21,267 [main] INFO  org.mule.DefaultMuleContext - 
**********************************************************************
* Application: training-american-ws                                  *
* OS encoding: /, Mule encoding: UTF-8                               *
*                                                                    *
* Agents Running:                                                    *
*   DevKit Extension Information                                     *
*   JMX Agent                                                        *
*   Batch module default engine                                      *
*   Wrapper Manager                                                  *
**********************************************************************
2018-03-25 22:17:13,251 [main] INFO  org.mule.module.launcher.application.DefaultMuleApplication - 
++++++++++++++++++++++++++++++++++++++++++++++++++++++++++++
+ Initializing app 'training-american-ws'                  +
++++++++++++++++++++++++++++++++++++++++++++++++++++++++++++
2018-03-25 22:17:13,369 [main] INFO  org.mule.lifecycle.AbstractLifecycleManager - Initialising RegistryBroker
2018-03-25 22:17:13,469 [main] INFO  org.mule.module.extension.internal.manager.DefaultExtensionManager - Starting discovery of extensions
2018-03-25 22:17:13,566 [main] INFO  org.mule.module.extension.internal.manager.DefaultExtensionManager - Discovered 1 extensions
2018-03-25 22:17:13,566 [main] INFO  org.mule.module.extension.internal.manager.DefaultExtensionManager - Registering extension validation (version 3.9)
2018-03-25 22:17:13,797 [main] INFO  org.mule.config.spring.MuleArtifactContext - Refreshing org.mule.config.spring.MuleArtifactContext@5cc5b667: startup date [Sun Mar 25 22:17:13 CDT 2018]; root of context hierarchy
2018-03-25 22:17:14,921 [main] INFO  org.springframework.context.support.PropertySourcesPlaceholderConfigurer - Loading properties file from class path resource [american-DEV.properties]
2018-03-25 22:17:14,926 [main] INFO  org.springframework.context.support.PropertySourcesPlaceholderConfigurer - Loading properties file from class path resource [american-DEV.properties]
2018-03-25 22:17:14,947 [main] INFO  org.mule.config.spring.processors.NoDevkitInjectorProcessor - JSR-330 'javax.inject.Inject' annotation found and supported for autowiring
2018-03-25 22:17:15,311 [main] WARN  org.mule.expression.DefaultExpressionManager - Expression string is not an expression.  Use isExpression(String) to validate first
2018-03-25 22:17:15,312 [main] WARN  org.mule.expression.DefaultExpressionManager - Expression string is not an expression.  Use isExpression(String) to validate first
2018-03-25 22:17:15,312 [main] WARN  org.mule.expression.DefaultExpressionManager - Expression string is not an expression.  Use isExpression(String) to validate first
2018-03-25 22:17:15,312 [main] WARN  org.mule.expression.DefaultExpressionManager - Expression string is not an expression.  Use isExpression(String) to validate first
2018-03-25 22:17:15,964 [main] WARN  org.mule.module.ognl.expression.OgnlExpressionEvaluator - OGNL module is deprecated and will be removed in Mule 4.0. Use MEL expressions instead.
2018-03-25 22:17:16,322 [main] INFO  org.mule.util.journal.TransactionJournal - Using files for tx logs /Users/apetricc/anypointTraining/workspace2/.mule/./.mule/training-american-ws/queue-tx-log/tx1.log and /Users/apetricc/anypointTraining/workspace2/.mule/./.mule/training-american-ws/queue-tx-log/tx2.log
2018-03-25 22:17:16,333 [main] INFO  org.mule.util.journal.TransactionJournal - Using files for tx logs /Users/apetricc/anypointTraining/workspace2/.mule/./.mule/training-american-ws/queue-xa-tx-log/tx1.log and /Users/apetricc/anypointTraining/workspace2/.mule/./.mule/training-american-ws/queue-xa-tx-log/tx2.log
2018-03-25 22:17:16,410 [main] INFO  org.mule.lifecycle.AbstractLifecycleManager - Initialising model: _muleSystemModel
2018-03-25 22:17:16,414 [main] INFO  org.mule.construct.FlowConstructLifecycleManager - Initialising flow: getFlightsFlow
2018-03-25 22:17:16,414 [main] INFO  org.mule.exception.DefaultMessagingExceptionStrategy - Initialising exception listener: org.mule.exception.DefaultMessagingExceptionStrategy@2ac519dc
2018-03-25 22:17:16,431 [main] INFO  org.mule.processor.SedaStageLifecycleManager - Initialising service: getFlightsFlow.stage1
2018-03-25 22:17:16,441 [main] INFO  org.mule.construct.FlowConstructLifecycleManager - Initialising flow: getFlightsByIDFlow
2018-03-25 22:17:16,441 [main] INFO  org.mule.exception.DefaultMessagingExceptionStrategy - Initialising exception listener: org.mule.exception.DefaultMessagingExceptionStrategy@35adf623
2018-03-25 22:17:16,443 [main] INFO  org.mule.processor.SedaStageLifecycleManager - Initialising service: getFlightsByIDFlow.stage1
2018-03-25 22:17:16,443 [main] INFO  org.mule.construct.FlowConstructLifecycleManager - Initialising flow: postFlightFlow
2018-03-25 22:17:16,443 [main] INFO  org.mule.exception.DefaultMessagingExceptionStrategy - Initialising exception listener: org.mule.exception.DefaultMessagingExceptionStrategy@1b3ab4f9
2018-03-25 22:17:16,446 [main] INFO  org.mule.processor.SedaStageLifecycleManager - Initialising service: postFlightFlow.stage1
2018-03-25 22:17:16,447 [main] INFO  org.mule.construct.FlowConstructLifecycleManager - Initialising flow: american-flights-api-main
2018-03-25 22:17:16,447 [main] INFO  org.mule.module.apikit.MappingExceptionListener - Initialising exception listener: MappingExceptionListener{statusCode=404, exceptions=[org.mule.module.apikit.exception.NotFoundException]}
2018-03-25 22:17:16,447 [main] INFO  org.mule.module.apikit.MappingExceptionListener - Initialising exception listener: MappingExceptionListener{statusCode=405, exceptions=[org.mule.module.apikit.exception.MethodNotAllowedException]}
2018-03-25 22:17:16,447 [main] INFO  org.mule.module.apikit.MappingExceptionListener - Initialising exception listener: MappingExceptionListener{statusCode=415, exceptions=[org.mule.module.apikit.exception.UnsupportedMediaTypeException]}
2018-03-25 22:17:16,447 [main] INFO  org.mule.module.apikit.MappingExceptionListener - Initialising exception listener: MappingExceptionListener{statusCode=406, exceptions=[org.mule.module.apikit.exception.NotAcceptableException]}
2018-03-25 22:17:16,448 [main] INFO  org.mule.module.apikit.MappingExceptionListener - Initialising exception listener: MappingExceptionListener{statusCode=400, exceptions=[org.mule.module.apikit.exception.BadRequestException]}
2018-03-25 22:17:16,457 [main] INFO  org.mule.processor.SedaStageLifecycleManager - Initialising service: american-flights-api-main.stage1
2018-03-25 22:17:16,458 [main] INFO  org.mule.construct.FlowConstructLifecycleManager - Initialising flow: american-flights-api-console
2018-03-25 22:17:16,458 [main] INFO  org.mule.exception.DefaultMessagingExceptionStrategy - Initialising exception listener: org.mule.exception.DefaultMessagingExceptionStrategy@7573b9ee
2018-03-25 22:17:16,463 [main] INFO  org.mule.processor.SedaStageLifecycleManager - Initialising service: american-flights-api-console.stage1
2018-03-25 22:17:16,465 [main] INFO  org.mule.construct.FlowConstructLifecycleManager - Initialising flow: put:/flights/{ID}:application/json:american-flights-api-config
2018-03-25 22:17:16,465 [main] INFO  org.mule.exception.DefaultMessagingExceptionStrategy - Initialising exception listener: org.mule.exception.DefaultMessagingExceptionStrategy@5efeb117
2018-03-25 22:17:16,468 [main] INFO  org.mule.processor.SedaStageLifecycleManager - Initialising service: put:/flights/{ID}:application/json:american-flights-api-config.stage1
2018-03-25 22:17:16,468 [main] INFO  org.mule.construct.FlowConstructLifecycleManager - Initialising flow: delete:/flights/{ID}:american-flights-api-config
2018-03-25 22:17:16,468 [main] INFO  org.mule.exception.DefaultMessagingExceptionStrategy - Initialising exception listener: org.mule.exception.DefaultMessagingExceptionStrategy@79a13920
2018-03-25 22:17:16,472 [main] INFO  org.mule.processor.SedaStageLifecycleManager - Initialising service: delete:/flights/{ID}:american-flights-api-config.stage1
2018-03-25 22:17:16,472 [main] INFO  org.mule.construct.FlowConstructLifecycleManager - Initialising flow: get:/flights:american-flights-api-config
2018-03-25 22:17:16,472 [main] INFO  org.mule.exception.DefaultMessagingExceptionStrategy - Initialising exception listener: org.mule.exception.DefaultMessagingExceptionStrategy@1ad9b8d3
2018-03-25 22:17:16,475 [main] INFO  org.mule.processor.SedaStageLifecycleManager - Initialising service: get:/flights:american-flights-api-config.stage1
2018-03-25 22:17:16,475 [main] INFO  org.mule.construct.FlowConstructLifecycleManager - Initialising flow: get:/flights/{ID}:american-flights-api-config
2018-03-25 22:17:16,475 [main] INFO  org.mule.exception.DefaultMessagingExceptionStrategy - Initialising exception listener: org.mule.exception.DefaultMessagingExceptionStrategy@401c4250
2018-03-25 22:17:16,479 [main] INFO  org.mule.processor.SedaStageLifecycleManager - Initialising service: get:/flights/{ID}:american-flights-api-config.stage1
2018-03-25 22:17:16,479 [main] INFO  org.mule.construct.FlowConstructLifecycleManager - Initialising flow: post:/flights:application/json:american-flights-api-config
2018-03-25 22:17:16,479 [main] INFO  org.mule.exception.DefaultMessagingExceptionStrategy - Initialising exception listener: org.mule.exception.DefaultMessagingExceptionStrategy@364fd4ae
2018-03-25 22:17:16,483 [main] INFO  org.mule.processor.SedaStageLifecycleManager - Initialising service: post:/flights:application/json:american-flights-api-config.stage1
2018-03-25 22:17:16,898 [main] INFO  org.mule.module.apikit.Configuration - Building resource URI cache...
2018-03-25 22:17:17,090 [main] INFO  org.mule.config.spring.SpringXmlConfigurationBuilder - Configured Mule using "org.mule.config.spring.SpringXmlConfigurationBuilder" with configuration resource(s): "[ConfigResource{resourceName='/Users/apetricc/anypointTraining/workspace2/.mule/apps/training-american-ws/implementation.xml'}, ConfigResource{resourceName='/Users/apetricc/anypointTraining/workspace2/.mule/apps/training-american-ws/interface.xml'}]"
2018-03-25 22:17:17,090 [main] INFO  org.mule.config.builders.AutoConfigurationBuilder - Configured Mule using "org.mule.config.builders.AutoConfigurationBuilder" with configuration resource(s): "[ConfigResource{resourceName='/Users/apetricc/anypointTraining/workspace2/.mule/apps/training-american-ws/implementation.xml'}, ConfigResource{resourceName='/Users/apetricc/anypointTraining/workspace2/.mule/apps/training-american-ws/interface.xml'}]"
2018-03-25 22:17:17,095 [main] INFO  org.mule.module.launcher.application.DefaultMuleApplication - 
++++++++++++++++++++++++++++++++++++++++++++++++++++++++++++
+ Starting app 'training-american-ws'                      +
++++++++++++++++++++++++++++++++++++++++++++++++++++++++++++
2018-03-25 22:17:17,099 [main] INFO  org.mule.util.queue.QueueXaResourceManager - Starting ResourceManager
2018-03-25 22:17:17,099 [main] INFO  org.mule.util.queue.QueueXaResourceManager - Started ResourceManager
2018-03-25 22:17:17,153 [main] INFO  org.mule.module.http.internal.listener.DefaultHttpListenerConfig - Listening for requests on http://0.0.0.0:8081
2018-03-25 22:17:17,158 [main] INFO  org.mule.modules.oauth2.provider.agents.DefaultSplashScreenAgent - 
++++++++++++++++++++++++++++++++++++++++++++++++++++++++++++++++++++++++++++++++
+ DevKit Extensions (0) used in this application 
                             +
++++++++++++++++++++++++++++++++++++++++++++++++++++++++++++++++++++++++++++++++
2018-03-25 22:17:17,159 [main] INFO  org.mule.lifecycle.AbstractLifecycleManager - Starting model: _muleSystemModel
2018-03-25 22:17:17,160 [main] INFO  org.mule.construct.FlowConstructLifecycleManager - Starting flow: getFlightsFlow
2018-03-25 22:17:17,161 [main] INFO  org.mule.processor.SedaStageLifecycleManager - Starting service: getFlightsFlow.stage1
2018-03-25 22:17:17,165 [main] INFO  org.mule.construct.FlowConstructLifecycleManager - Starting flow: getFlightsByIDFlow
2018-03-25 22:17:17,166 [main] INFO  org.mule.processor.SedaStageLifecycleManager - Starting service: getFlightsByIDFlow.stage1
2018-03-25 22:17:17,170 [main] INFO  org.mule.construct.FlowConstructLifecycleManager - Starting flow: postFlightFlow
2018-03-25 22:17:17,170 [main] INFO  org.mule.processor.SedaStageLifecycleManager - Starting service: postFlightFlow.stage1
2018-03-25 22:17:17,171 [main] INFO  org.mule.construct.FlowConstructLifecycleManager - Starting flow: american-flights-api-main
2018-03-25 22:17:17,172 [main] INFO  org.mule.processor.SedaStageLifecycleManager - Starting service: american-flights-api-main.stage1
2018-03-25 22:17:17,179 [main] INFO  org.mule.module.apikit.Configuration - 
********************************************************************************
* APIKit Console URL: http://127.0.0.1:8081/console                            *
********************************************************************************
2018-03-25 22:17:17,179 [main] INFO  org.mule.construct.FlowConstructLifecycleManager - Starting flow: american-flights-api-console
2018-03-25 22:17:17,179 [main] INFO  org.mule.processor.SedaStageLifecycleManager - Starting service: american-flights-api-console.stage1
2018-03-25 22:17:17,182 [main] INFO  org.mule.construct.FlowConstructLifecycleManager - Starting flow: put:/flights/{ID}:application/json:american-flights-api-config
2018-03-25 22:17:17,182 [main] INFO  org.mule.processor.SedaStageLifecycleManager - Starting service: put:/flights/{ID}:application/json:american-flights-api-config.stage1
2018-03-25 22:17:17,184 [main] INFO  org.mule.construct.FlowConstructLifecycleManager - Starting flow: delete:/flights/{ID}:american-flights-api-config
2018-03-25 22:17:17,184 [main] INFO  org.mule.processor.SedaStageLifecycleManager - Starting service: delete:/flights/{ID}:american-flights-api-config.stage1
2018-03-25 22:17:17,186 [main] INFO  org.mule.construct.FlowConstructLifecycleManager - Starting flow: get:/flights:american-flights-api-config
2018-03-25 22:17:17,186 [main] INFO  org.mule.processor.SedaStageLifecycleManager - Starting service: get:/flights:american-flights-api-config.stage1
2018-03-25 22:17:17,188 [main] INFO  org.mule.construct.FlowConstructLifecycleManager - Starting flow: get:/flights/{ID}:american-flights-api-config
2018-03-25 22:17:17,188 [main] INFO  org.mule.processor.SedaStageLifecycleManager - Starting service: get:/flights/{ID}:american-flights-api-config.stage1
2018-03-25 22:17:17,190 [main] INFO  org.mule.construct.FlowConstructLifecycleManager - Starting flow: post:/flights:application/json:american-flights-api-config
2018-03-25 22:17:17,190 [main] INFO  org.mule.processor.SedaStageLifecycleManager - Starting service: post:/flights:application/json:american-flights-api-config.stage1
2018-03-25 22:17:17,230 [main] INFO  org.mule.module.management.agent.WrapperManagerAgent - This JVM hasn't been launched by the wrapper, the agent will not run.
2018-03-25 22:17:17,255 [main] INFO  org.mule.DefaultMuleContext - 
**********************************************************************
* Application: training-american-ws                                  *
* OS encoding: /, Mule encoding: UTF-8                               *
*                                                                    *
* Agents Running:                                                    *
*   DevKit Extension Information                                     *
*   JMX Agent                                                        *
*   Batch module default engine                                      *
*   Wrapper Manager                                                  *
**********************************************************************
